#
# There is insufficient memory for the Java Runtime Environment to continue.
# Native memory allocation (mmap) failed to map 65536 bytes for Failed to commit metaspace.
# Possible reasons:
#   The system is out of physical RAM or swap space
#   The process is running with CompressedOops enabled, and the Java Heap may be blocking the growth of the native heap
# Possible solutions:
#   Reduce memory load on the system
#   Increase physical memory or swap space
#   Check if swap backing store is full
#   Decrease Java heap size (-Xmx/-Xms)
#   Decrease number of Java threads
#   Decrease Java thread stack sizes (-Xss)
#   Set larger code cache with -XX:ReservedCodeCacheSize=
#   JVM is running with Unscaled Compressed Oops mode in which the Java heap is
#     placed in the first 4GB address space. The Java Heap base address is the
#     maximum limit for the native heap growth. Please use -XX:HeapBaseMinAddress
#     to set the Java Heap base and to place the Java Heap above 4GB virtual address.
# This output file may be truncated or incomplete.
#
#  Out of Memory Error (virtualSpaceNode.cpp:110), pid=5552, tid=7156
#
# JRE version: Java(TM) SE Runtime Environment (17.0.1+12) (build 17.0.1+12-LTS-39)
# Java VM: Java HotSpot(TM) 64-Bit Server VM (17.0.1+12-LTS-39, mixed mode, sharing, tiered, compressed oops, compressed class ptrs, g1 gc, windows-amd64)
# No core dump will be written. Minidumps are not enabled by default on client versions of Windows
#

---------------  S U M M A R Y ------------

Command Line: -Dfile.encoding=UTF-8 --module-path=E:\Data\UNIKOM\SEMESTER 2\Pemrograman Beroreintasi Objek\Tugas Besar PraUAS\Cinemas\build\classes co.gararetech.cinemas.view.DashboardView

Host: Intel(R) Core(TM) i5-4590 CPU @ 3.30GHz, 4 cores, 7G,  Windows 10 , 64 bit Build 19041 (10.0.19041.1806)
Time: Mon Jul 25 06:50:19 2022 SE Asia Standard Time elapsed time: 1.811870 seconds (0d 0h 0m 1s)

---------------  T H R E A D  ---------------

Current thread (0x000002064fae48b0):  JavaThread "AWT-EventQueue-0" [_thread_in_vm, id=7156, stack(0x00000061c1100000,0x00000061c1200000)]

Stack: [0x00000061c1100000,0x00000061c1200000]
Native frames: (J=compiled Java code, j=interpreted, Vv=VM code, C=native code)
V  [jvm.dll+0x66fa1a]
V  [jvm.dll+0x7ce5a4]
V  [jvm.dll+0x7cfd4e]
V  [jvm.dll+0x7d03b3]
V  [jvm.dll+0x242b05]
V  [jvm.dll+0x7ca54b]
V  [jvm.dll+0x615b76]
V  [jvm.dll+0x1be19e]
V  [jvm.dll+0x6184b1]
V  [jvm.dll+0x616516]
V  [jvm.dll+0x2405cc]
V  [jvm.dll+0x6c5edd]
V  [jvm.dll+0x6c690f]
V  [jvm.dll+0x36c1c3]
V  [jvm.dll+0x36b382]
V  [jvm.dll+0x36b328]
V  [jvm.dll+0x37b00a]
C  0x000002063856b7f7

Java frames: (J=compiled Java code, j=interpreted, Vv=VM code)
j  sun.java2d.marlin.RendererContext.<init>(Ljava/lang/String;)V+377 java.desktop@17.0.1
j  sun.java2d.marlin.RendererContext.createContext()Lsun/java2d/marlin/RendererContext;+18 java.desktop@17.0.1
j  sun.java2d.marlin.DMarlinRenderingEngine$1.newContext()Lsun/java2d/marlin/RendererContext;+0 java.desktop@17.0.1
j  sun.java2d.marlin.DMarlinRenderingEngine$1.newContext()Lsun/java2d/ReentrantContext;+1 java.desktop@17.0.1
j  sun.java2d.ReentrantContextProviderTL.acquire()Lsun/java2d/ReentrantContext;+30 java.desktop@17.0.1
j  sun.java2d.marlin.DMarlinRenderingEngine.getRendererContext()Lsun/java2d/marlin/RendererContext;+3 java.desktop@17.0.1
j  sun.java2d.marlin.DMarlinRenderingEngine.getAATileGenerator(Ljava/awt/Shape;Ljava/awt/geom/AffineTransform;Lsun/java2d/pipe/Region;Ljava/awt/BasicStroke;ZZ[I)Lsun/java2d/pipe/AATileGenerator;+6 java.desktop@17.0.1
j  sun.java2d.pipe.AAShapePipe.renderPath(Lsun/java2d/SunGraphics2D;Ljava/awt/Shape;Ljava/awt/BasicStroke;)V+71 java.desktop@17.0.1
j  sun.java2d.pipe.AAShapePipe.fill(Lsun/java2d/SunGraphics2D;Ljava/awt/Shape;)V+4 java.desktop@17.0.1
j  sun.java2d.pipe.PixelToParallelogramConverter.fill(Lsun/java2d/SunGraphics2D;Ljava/awt/Shape;)V+70 java.desktop@17.0.1
j  sun.java2d.pipe.PixelToShapeConverter.fillRoundRect(Lsun/java2d/SunGraphics2D;IIIIII)V+28 java.desktop@17.0.1
j  sun.java2d.pipe.ValidatePipe.fillRoundRect(Lsun/java2d/SunGraphics2D;IIIIII)V+23 java.desktop@17.0.1
j  sun.java2d.SunGraphics2D.fillRoundRect(IIIIII)V+14 java.desktop@17.0.1
j  co.gararetech.cinemas.view.elements.RoundedPanel.paintComponent(Ljava/awt/Graphics;)V+139
j  javax.swing.JComponent.paint(Ljava/awt/Graphics;)V+286 java.desktop@17.0.1
j  javax.swing.JComponent.paintChildren(Ljava/awt/Graphics;)V+523 java.desktop@17.0.1
j  javax.swing.JComponent.paint(Ljava/awt/Graphics;)V+318 java.desktop@17.0.1
j  javax.swing.JComponent.paintChildren(Ljava/awt/Graphics;)V+523 java.desktop@17.0.1
j  javax.swing.JComponent.paint(Ljava/awt/Graphics;)V+318 java.desktop@17.0.1
j  javax.swing.JComponent.paintChildren(Ljava/awt/Graphics;)V+523 java.desktop@17.0.1
j  javax.swing.JComponent.paint(Ljava/awt/Graphics;)V+318 java.desktop@17.0.1
j  javax.swing.JComponent.paintChildren(Ljava/awt/Graphics;)V+523 java.desktop@17.0.1
j  javax.swing.JComponent.paint(Ljava/awt/Graphics;)V+318 java.desktop@17.0.1
j  javax.swing.JViewport.paint(Ljava/awt/Graphics;)V+205 java.desktop@17.0.1
j  javax.swing.JComponent.paintChildren(Ljava/awt/Graphics;)V+523 java.desktop@17.0.1
j  javax.swing.JComponent.paint(Ljava/awt/Graphics;)V+318 java.desktop@17.0.1
j  javax.swing.JComponent.paintChildren(Ljava/awt/Graphics;)V+523 java.desktop@17.0.1
j  javax.swing.JComponent.paint(Ljava/awt/Graphics;)V+318 java.desktop@17.0.1
j  javax.swing.JComponent.paintChildren(Ljava/awt/Graphics;)V+523 java.desktop@17.0.1
j  javax.swing.JComponent.paint(Ljava/awt/Graphics;)V+318 java.desktop@17.0.1
j  javax.swing.JLayeredPane.paint(Ljava/awt/Graphics;)V+73 java.desktop@17.0.1
j  javax.swing.JComponent.paintChildren(Ljava/awt/Graphics;)V+523 java.desktop@17.0.1
j  javax.swing.JComponent.paintToOffscreen(Ljava/awt/Graphics;IIIIII)V+72 java.desktop@17.0.1
j  javax.swing.RepaintManager$PaintManager.paintDoubleBufferedFPScales(Ljavax/swing/JComponent;Ljava/awt/Image;Ljava/awt/Graphics;IIII)V+320 java.desktop@17.0.1
j  javax.swing.RepaintManager$PaintManager.paintDoubleBuffered(Ljavax/swing/JComponent;Ljava/awt/Image;Ljava/awt/Graphics;IIII)V+28 java.desktop@17.0.1
j  javax.swing.RepaintManager$PaintManager.paint(Ljavax/swing/JComponent;Ljavax/swing/JComponent;Ljava/awt/Graphics;IIII)Z+128 java.desktop@17.0.1
j  javax.swing.RepaintManager.paint(Ljavax/swing/JComponent;Ljavax/swing/JComponent;Ljava/awt/Graphics;IIII)V+52 java.desktop@17.0.1
j  javax.swing.JComponent.paint(Ljava/awt/Graphics;)V+221 java.desktop@17.0.1
j  java.awt.GraphicsCallback$PaintCallback.run(Ljava/awt/Component;Ljava/awt/Graphics;)V+2 java.desktop@17.0.1
j  sun.awt.SunGraphicsCallback.runOneComponent(Ljava/awt/Component;Ljava/awt/Rectangle;Ljava/awt/Graphics;Ljava/awt/Shape;I)V+130 java.desktop@17.0.1
j  sun.awt.SunGraphicsCallback.runComponents([Ljava/awt/Component;Ljava/awt/Graphics;I)V+157 java.desktop@17.0.1
j  java.awt.Container.paint(Ljava/awt/Graphics;)V+58 java.desktop@17.0.1
j  java.awt.Window.paint(Ljava/awt/Graphics;)V+68 java.desktop@17.0.1
j  javax.swing.RepaintManager$4.run()Ljava/lang/Void;+142 java.desktop@17.0.1
j  javax.swing.RepaintManager$4.run()Ljava/lang/Object;+1 java.desktop@17.0.1
J 1692 c1 java.security.AccessController.executePrivileged(Ljava/security/PrivilegedAction;Ljava/security/AccessControlContext;Ljava/lang/Class;)Ljava/lang/Object; java.base@17.0.1 (65 bytes) @ 0x0000020638de3d3c [0x0000020638de3be0+0x000000000000015c]
j  java.security.AccessController.doPrivileged(Ljava/security/PrivilegedAction;Ljava/security/AccessControlContext;)Ljava/lang/Object;+13 java.base@17.0.1
j  java.security.ProtectionDomain$JavaSecurityAccessImpl.doIntersectionPrivilege(Ljava/security/PrivilegedAction;Ljava/security/AccessControlContext;Ljava/security/AccessControlContext;)Ljava/lang/Object;+18 java.base@17.0.1
j  javax.swing.RepaintManager.paintDirtyRegions(Ljava/util/Map;)V+154 java.desktop@17.0.1
j  javax.swing.RepaintManager.paintDirtyRegions()V+46 java.desktop@17.0.1
j  javax.swing.RepaintManager.prePaintDirtyRegions()V+73 java.desktop@17.0.1
j  javax.swing.RepaintManager$ProcessingRunnable.run()V+37 java.desktop@17.0.1
j  java.awt.event.InvocationEvent.dispatch()V+47 java.desktop@17.0.1
j  java.awt.EventQueue.dispatchEventImpl(Ljava/awt/AWTEvent;Ljava/lang/Object;)V+21 java.desktop@17.0.1
j  java.awt.EventQueue$4.run()Ljava/lang/Void;+32 java.desktop@17.0.1
j  java.awt.EventQueue$4.run()Ljava/lang/Object;+1 java.desktop@17.0.1
J 1692 c1 java.security.AccessController.executePrivileged(Ljava/security/PrivilegedAction;Ljava/security/AccessControlContext;Ljava/lang/Class;)Ljava/lang/Object; java.base@17.0.1 (65 bytes) @ 0x0000020638de3d3c [0x0000020638de3be0+0x000000000000015c]
j  java.security.AccessController.doPrivileged(Ljava/security/PrivilegedAction;Ljava/security/AccessControlContext;)Ljava/lang/Object;+13 java.base@17.0.1
j  java.security.ProtectionDomain$JavaSecurityAccessImpl.doIntersectionPrivilege(Ljava/security/PrivilegedAction;Ljava/security/AccessControlContext;Ljava/security/AccessControlContext;)Ljava/lang/Object;+18 java.base@17.0.1
j  java.awt.EventQueue.dispatchEvent(Ljava/awt/AWTEvent;)V+46 java.desktop@17.0.1
j  java.awt.EventDispatchThread.pumpOneEventForFilters(I)V+78 java.desktop@17.0.1
j  java.awt.EventDispatchThread.pumpEventsForFilter(ILjava/awt/Conditional;Ljava/awt/EventFilter;)V+35 java.desktop@17.0.1
j  java.awt.EventDispatchThread.pumpEventsForHierarchy(ILjava/awt/Conditional;Ljava/awt/Component;)V+11 java.desktop@17.0.1
j  java.awt.EventDispatchThread.pumpEvents(ILjava/awt/Conditional;)V+4 java.desktop@17.0.1
j  java.awt.EventDispatchThread.pumpEvents(Ljava/awt/Conditional;)V+3 java.desktop@17.0.1
j  java.awt.EventDispatchThread.run()V+9 java.desktop@17.0.1
v  ~StubRoutines::call_stub

---------------  P R O C E S S  ---------------

Threads class SMR info:
_java_thread_list=0x0000020656190070, length=20, elements={
0x000002064eca7180, 0x000002064eca7ff0, 0x000002064ecb6900, 0x000002064ecba2d0,
0x000002064ecbac80, 0x000002064ecbb630, 0x000002064ecbc3c0, 0x000002064ecbce60,
0x000002064ecc9060, 0x000002064f85a3e0, 0x000002064f8e7ec0, 0x000002064f9d79d0,
0x000002064faa9a30, 0x000002064fac8b00, 0x000002064fae48b0, 0x000002062f58df90,
0x00000206507b1610, 0x0000020650b6a510, 0x00000206507b32f0, 0x00000206507b1ae0
}

Java Threads: ( => current thread )
  0x000002064eca7180 JavaThread "Reference Handler" daemon [_thread_blocked, id=13240, stack(0x00000061c0200000,0x00000061c0300000)]
  0x000002064eca7ff0 JavaThread "Finalizer" daemon [_thread_blocked, id=3188, stack(0x00000061c0300000,0x00000061c0400000)]
  0x000002064ecb6900 JavaThread "Signal Dispatcher" daemon [_thread_blocked, id=3940, stack(0x00000061c0400000,0x00000061c0500000)]
  0x000002064ecba2d0 JavaThread "Attach Listener" daemon [_thread_blocked, id=14180, stack(0x00000061c0500000,0x00000061c0600000)]
  0x000002064ecbac80 JavaThread "Service Thread" daemon [_thread_blocked, id=13304, stack(0x00000061c0600000,0x00000061c0700000)]
  0x000002064ecbb630 JavaThread "Monitor Deflation Thread" daemon [_thread_blocked, id=6252, stack(0x00000061c0700000,0x00000061c0800000)]
  0x000002064ecbc3c0 JavaThread "C2 CompilerThread0" daemon [_thread_in_native, id=7556, stack(0x00000061c0800000,0x00000061c0900000)]
  0x000002064ecbce60 JavaThread "C1 CompilerThread0" daemon [_thread_blocked, id=6560, stack(0x00000061c0900000,0x00000061c0a00000)]
  0x000002064ecc9060 JavaThread "Sweeper thread" daemon [_thread_blocked, id=4792, stack(0x00000061c0a00000,0x00000061c0b00000)]
  0x000002064f85a3e0 JavaThread "Common-Cleaner" daemon [_thread_blocked, id=6020, stack(0x00000061c0b00000,0x00000061c0c00000)]
  0x000002064f8e7ec0 JavaThread "Notification Thread" daemon [_thread_blocked, id=13956, stack(0x00000061c0c00000,0x00000061c0d00000)]
  0x000002064f9d79d0 JavaThread "Java2D Disposer" daemon [_thread_blocked, id=4200, stack(0x00000061c0e00000,0x00000061c0f00000)]
  0x000002064faa9a30 JavaThread "AWT-Shutdown" [_thread_blocked, id=1176, stack(0x00000061c0f00000,0x00000061c1000000)]
  0x000002064fac8b00 JavaThread "AWT-Windows" daemon [_thread_in_native, id=2556, stack(0x00000061c1000000,0x00000061c1100000)]
=>0x000002064fae48b0 JavaThread "AWT-EventQueue-0" [_thread_in_vm, id=7156, stack(0x00000061c1100000,0x00000061c1200000)]
  0x000002062f58df90 JavaThread "DestroyJavaVM" [_thread_blocked, id=12640, stack(0x00000061bfb00000,0x00000061bfc00000)]
  0x00000206507b1610 JavaThread "Image Fetcher 0" daemon [_thread_blocked, id=4844, stack(0x00000061c1a00000,0x00000061c1b00000)]
  0x0000020650b6a510 JavaThread "C2 CompilerThread1" daemon [_thread_blocked, id=12872, stack(0x00000061c1b00000,0x00000061c1c00000)]
  0x00000206507b32f0 JavaThread "Keep-Alive-Timer" daemon [_thread_blocked, id=4220, stack(0x00000061c2000000,0x00000061c2100000)]
  0x00000206507b1ae0 JavaThread "D3D Screen Updater" daemon [_thread_blocked, id=6084, stack(0x00000061c2100000,0x00000061c2200000)]

Other Threads:
  0x000002064ec9e8a0 VMThread "VM Thread" [stack: 0x00000061c0100000,0x00000061c0200000] [id=2864]
  0x000002064f8f07b0 WatcherThread [stack: 0x00000061c0d00000,0x00000061c0e00000] [id=10196]
  0x000002062f5ccd80 GCTaskThread "GC Thread#0" [stack: 0x00000061bfc00000,0x00000061bfd00000] [id=12648]
  0x0000020650d5f110 GCTaskThread "GC Thread#1" [stack: 0x00000061c1c00000,0x00000061c1d00000] [id=11284]
  0x0000020650d5f3c0 GCTaskThread "GC Thread#2" [stack: 0x00000061c1d00000,0x00000061c1e00000] [id=12188]
  0x0000020650d5f670 GCTaskThread "GC Thread#3" [stack: 0x00000061c1e00000,0x00000061c1f00000] [id=4652]
  0x000002062f5de1e0 ConcurrentGCThread "G1 Main Marker" [stack: 0x00000061bfd00000,0x00000061bfe00000] [id=9784]
  0x000002062f5debf0 ConcurrentGCThread "G1 Conc#0" [stack: 0x00000061bfe00000,0x00000061bff00000] [id=5576]
  0x000002062f6588f0 ConcurrentGCThread "G1 Refine#0" [stack: 0x00000061bff00000,0x00000061c0000000] [id=3840]
  0x0000020650d7a290 ConcurrentGCThread "G1 Refine#1" [stack: 0x00000061c1f00000,0x00000061c2000000] [id=2748]
  0x000002062f659310 ConcurrentGCThread "G1 Service" [stack: 0x00000061c0000000,0x00000061c0100000] [id=12088]

Threads with active compile tasks:
C2 CompilerThread0     1846 1911       4       jdk.internal.org.objectweb.asm.SymbolTable::addConstantUtf8 (98 bytes)

VM state: not at safepoint (normal execution)

VM Mutex/Monitor currently owned by a thread:  ([mutex/lock_event])
[0x000002062f5874b0] Metaspace_lock - owner thread: 0x000002064fae48b0

Heap address: 0x0000000081400000, size: 2028 MB, Compressed Oops mode: 32-bit

CDS archive(s) mapped at: [0x0000000800000000-0x0000000800bc0000-0x0000000800bc0000), size 12320768, SharedBaseAddress: 0x0000000800000000, ArchiveRelocationMode: 0.
Compressed class space mapped at: 0x0000000800c00000-0x0000000840c00000, reserved size: 1073741824
Narrow klass base: 0x0000000800000000, Narrow klass shift: 0, Narrow klass range: 0x100000000

GC Precious Log:
 CPUs: 4 total, 4 available
 Memory: 8111M
 Large Page Support: Disabled
 NUMA Support: Disabled
 Compressed Oops: Enabled (32-bit)
 Heap Region Size: 1M
 Heap Min Capacity: 8M
 Heap Initial Capacity: 128M
 Heap Max Capacity: 2028M
 Pre-touch: Disabled
 Parallel Workers: 4
 Concurrent Workers: 1
 Concurrent Refinement Workers: 4
 Periodic GC: Disabled

Heap:
 garbage-first heap   total 131072K, used 74656K [0x0000000081400000, 0x0000000100000000)
  region size 1024K, 57 young (58368K), 3 survivors (3072K)
 Metaspace       used 17862K, committed 18048K, reserved 1064960K
  class space    used 2027K, committed 2112K, reserved 1048576K

Heap Regions: E=young(eden), S=young(survivor), O=old, HS=humongous(starts), HC=humongous(continues), CS=collection set, F=free, OA=open archive, CA=closed archive, TAMS=top-at-mark-start (previous, next)
|   0|0x0000000081400000, 0x0000000081500000, 0x0000000081500000|100%| O|  |TAMS 0x0000000081400000, 0x0000000081400000| Untracked 
|   1|0x0000000081500000, 0x0000000081600000, 0x0000000081600000|100%| O|  |TAMS 0x0000000081500000, 0x0000000081500000| Untracked 
|   2|0x0000000081600000, 0x0000000081700000, 0x0000000081700000|100%| O|  |TAMS 0x0000000081600000, 0x0000000081600000| Untracked 
|   3|0x0000000081700000, 0x0000000081800000, 0x0000000081800000|100%| O|  |TAMS 0x0000000081700000, 0x0000000081700000| Untracked 
|   4|0x0000000081800000, 0x0000000081864a00, 0x0000000081900000| 39%| O|  |TAMS 0x0000000081800000, 0x0000000081800000| Untracked 
|   5|0x0000000081900000, 0x0000000081a00000, 0x0000000081a00000|100%|HS|  |TAMS 0x0000000081900000, 0x0000000081900000| Complete 
|   6|0x0000000081a00000, 0x0000000081b00000, 0x0000000081b00000|100%|HS|  |TAMS 0x0000000081a00000, 0x0000000081a00000| Complete 
|   7|0x0000000081b00000, 0x0000000081c00000, 0x0000000081c00000|100%|HS|  |TAMS 0x0000000081b00000, 0x0000000081b00000| Complete 
|   8|0x0000000081c00000, 0x0000000081d00000, 0x0000000081d00000|100%|HS|  |TAMS 0x0000000081c00000, 0x0000000081c00000| Complete 
|   9|0x0000000081d00000, 0x0000000081e00000, 0x0000000081e00000|100%|HS|  |TAMS 0x0000000081d00000, 0x0000000081d00000| Complete 
|  10|0x0000000081e00000, 0x0000000081f00000, 0x0000000081f00000|100%|HS|  |TAMS 0x0000000081e00000, 0x0000000081e00000| Complete 
|  11|0x0000000081f00000, 0x0000000082000000, 0x0000000082000000|100%|HS|  |TAMS 0x0000000081f00000, 0x0000000081f00000| Complete 
|  12|0x0000000082000000, 0x0000000082100000, 0x0000000082100000|100%|HS|  |TAMS 0x0000000082000000, 0x0000000082000000| Complete 
|  13|0x0000000082100000, 0x0000000082200000, 0x0000000082200000|100%|HS|  |TAMS 0x0000000082100000, 0x0000000082100000| Complete 
|  14|0x0000000082200000, 0x0000000082300000, 0x0000000082300000|100%|HS|  |TAMS 0x0000000082200000, 0x0000000082200000| Complete 
|  15|0x0000000082300000, 0x0000000082400000, 0x0000000082400000|100%|HS|  |TAMS 0x0000000082300000, 0x0000000082300000| Complete 
|  16|0x0000000082400000, 0x0000000082500000, 0x0000000082500000|100%|HC|  |TAMS 0x0000000082400000, 0x0000000082400000| Complete 
|  17|0x0000000082500000, 0x0000000082600000, 0x0000000082600000|100%|HC|  |TAMS 0x0000000082500000, 0x0000000082500000| Complete 
|  18|0x0000000082600000, 0x0000000082600000, 0x0000000082700000|  0%| F|  |TAMS 0x0000000082600000, 0x0000000082600000| Untracked 
|  19|0x0000000082700000, 0x0000000082700000, 0x0000000082800000|  0%| F|  |TAMS 0x0000000082700000, 0x0000000082700000| Untracked 
|  20|0x0000000082800000, 0x0000000082800000, 0x0000000082900000|  0%| F|  |TAMS 0x0000000082800000, 0x0000000082800000| Untracked 
|  21|0x0000000082900000, 0x0000000082900000, 0x0000000082a00000|  0%| F|  |TAMS 0x0000000082900000, 0x0000000082900000| Untracked 
|  22|0x0000000082a00000, 0x0000000082a00000, 0x0000000082b00000|  0%| F|  |TAMS 0x0000000082a00000, 0x0000000082a00000| Untracked 
|  23|0x0000000082b00000, 0x0000000082b00000, 0x0000000082c00000|  0%| F|  |TAMS 0x0000000082b00000, 0x0000000082b00000| Untracked 
|  24|0x0000000082c00000, 0x0000000082c00000, 0x0000000082d00000|  0%| F|  |TAMS 0x0000000082c00000, 0x0000000082c00000| Untracked 
|  25|0x0000000082d00000, 0x0000000082d00000, 0x0000000082e00000|  0%| F|  |TAMS 0x0000000082d00000, 0x0000000082d00000| Untracked 
|  26|0x0000000082e00000, 0x0000000082e00000, 0x0000000082f00000|  0%| F|  |TAMS 0x0000000082e00000, 0x0000000082e00000| Untracked 
|  27|0x0000000082f00000, 0x0000000082f00000, 0x0000000083000000|  0%| F|  |TAMS 0x0000000082f00000, 0x0000000082f00000| Untracked 
|  28|0x0000000083000000, 0x0000000083000000, 0x0000000083100000|  0%| F|  |TAMS 0x0000000083000000, 0x0000000083000000| Untracked 
|  29|0x0000000083100000, 0x0000000083100000, 0x0000000083200000|  0%| F|  |TAMS 0x0000000083100000, 0x0000000083100000| Untracked 
|  30|0x0000000083200000, 0x0000000083200000, 0x0000000083300000|  0%| F|  |TAMS 0x0000000083200000, 0x0000000083200000| Untracked 
|  31|0x0000000083300000, 0x0000000083300000, 0x0000000083400000|  0%| F|  |TAMS 0x0000000083300000, 0x0000000083300000| Untracked 
|  32|0x0000000083400000, 0x0000000083400000, 0x0000000083500000|  0%| F|  |TAMS 0x0000000083400000, 0x0000000083400000| Untracked 
|  33|0x0000000083500000, 0x0000000083500000, 0x0000000083600000|  0%| F|  |TAMS 0x0000000083500000, 0x0000000083500000| Untracked 
|  34|0x0000000083600000, 0x0000000083600000, 0x0000000083700000|  0%| F|  |TAMS 0x0000000083600000, 0x0000000083600000| Untracked 
|  35|0x0000000083700000, 0x0000000083700000, 0x0000000083800000|  0%| F|  |TAMS 0x0000000083700000, 0x0000000083700000| Untracked 
|  36|0x0000000083800000, 0x0000000083800000, 0x0000000083900000|  0%| F|  |TAMS 0x0000000083800000, 0x0000000083800000| Untracked 
|  37|0x0000000083900000, 0x0000000083900000, 0x0000000083a00000|  0%| F|  |TAMS 0x0000000083900000, 0x0000000083900000| Untracked 
|  38|0x0000000083a00000, 0x0000000083a00000, 0x0000000083b00000|  0%| F|  |TAMS 0x0000000083a00000, 0x0000000083a00000| Untracked 
|  39|0x0000000083b00000, 0x0000000083b00000, 0x0000000083c00000|  0%| F|  |TAMS 0x0000000083b00000, 0x0000000083b00000| Untracked 
|  40|0x0000000083c00000, 0x0000000083c00000, 0x0000000083d00000|  0%| F|  |TAMS 0x0000000083c00000, 0x0000000083c00000| Untracked 
|  41|0x0000000083d00000, 0x0000000083d00000, 0x0000000083e00000|  0%| F|  |TAMS 0x0000000083d00000, 0x0000000083d00000| Untracked 
|  42|0x0000000083e00000, 0x0000000083e00000, 0x0000000083f00000|  0%| F|  |TAMS 0x0000000083e00000, 0x0000000083e00000| Untracked 
|  43|0x0000000083f00000, 0x0000000083f00000, 0x0000000084000000|  0%| F|  |TAMS 0x0000000083f00000, 0x0000000083f00000| Untracked 
|  44|0x0000000084000000, 0x0000000084000000, 0x0000000084100000|  0%| F|  |TAMS 0x0000000084000000, 0x0000000084000000| Untracked 
|  45|0x0000000084100000, 0x0000000084100000, 0x0000000084200000|  0%| F|  |TAMS 0x0000000084100000, 0x0000000084100000| Untracked 
|  46|0x0000000084200000, 0x0000000084200000, 0x0000000084300000|  0%| F|  |TAMS 0x0000000084200000, 0x0000000084200000| Untracked 
|  47|0x0000000084300000, 0x0000000084300000, 0x0000000084400000|  0%| F|  |TAMS 0x0000000084300000, 0x0000000084300000| Untracked 
|  48|0x0000000084400000, 0x0000000084400000, 0x0000000084500000|  0%| F|  |TAMS 0x0000000084400000, 0x0000000084400000| Untracked 
|  49|0x0000000084500000, 0x0000000084500000, 0x0000000084600000|  0%| F|  |TAMS 0x0000000084500000, 0x0000000084500000| Untracked 
|  50|0x0000000084600000, 0x0000000084600000, 0x0000000084700000|  0%| F|  |TAMS 0x0000000084600000, 0x0000000084600000| Untracked 
|  51|0x0000000084700000, 0x0000000084700000, 0x0000000084800000|  0%| F|  |TAMS 0x0000000084700000, 0x0000000084700000| Untracked 
|  52|0x0000000084800000, 0x0000000084800000, 0x0000000084900000|  0%| F|  |TAMS 0x0000000084800000, 0x0000000084800000| Untracked 
|  53|0x0000000084900000, 0x0000000084900000, 0x0000000084a00000|  0%| F|  |TAMS 0x0000000084900000, 0x0000000084900000| Untracked 
|  54|0x0000000084a00000, 0x0000000084a00000, 0x0000000084b00000|  0%| F|  |TAMS 0x0000000084a00000, 0x0000000084a00000| Untracked 
|  55|0x0000000084b00000, 0x0000000084b00000, 0x0000000084c00000|  0%| F|  |TAMS 0x0000000084b00000, 0x0000000084b00000| Untracked 
|  56|0x0000000084c00000, 0x0000000084c00000, 0x0000000084d00000|  0%| F|  |TAMS 0x0000000084c00000, 0x0000000084c00000| Untracked 
|  57|0x0000000084d00000, 0x0000000084d00000, 0x0000000084e00000|  0%| F|  |TAMS 0x0000000084d00000, 0x0000000084d00000| Untracked 
|  58|0x0000000084e00000, 0x0000000084e00000, 0x0000000084f00000|  0%| F|  |TAMS 0x0000000084e00000, 0x0000000084e00000| Untracked 
|  59|0x0000000084f00000, 0x0000000084f00000, 0x0000000085000000|  0%| F|  |TAMS 0x0000000084f00000, 0x0000000084f00000| Untracked 
|  60|0x0000000085000000, 0x0000000085000000, 0x0000000085100000|  0%| F|  |TAMS 0x0000000085000000, 0x0000000085000000| Untracked 
|  61|0x0000000085100000, 0x0000000085100000, 0x0000000085200000|  0%| F|  |TAMS 0x0000000085100000, 0x0000000085100000| Untracked 
|  62|0x0000000085200000, 0x0000000085200000, 0x0000000085300000|  0%| F|  |TAMS 0x0000000085200000, 0x0000000085200000| Untracked 
|  63|0x0000000085300000, 0x0000000085300000, 0x0000000085400000|  0%| F|  |TAMS 0x0000000085300000, 0x0000000085300000| Untracked 
|  64|0x0000000085400000, 0x0000000085400000, 0x0000000085500000|  0%| F|  |TAMS 0x0000000085400000, 0x0000000085400000| Untracked 
|  65|0x0000000085500000, 0x0000000085500000, 0x0000000085600000|  0%| F|  |TAMS 0x0000000085500000, 0x0000000085500000| Untracked 
|  66|0x0000000085600000, 0x0000000085600000, 0x0000000085700000|  0%| F|  |TAMS 0x0000000085600000, 0x0000000085600000| Untracked 
|  67|0x0000000085700000, 0x0000000085700000, 0x0000000085800000|  0%| F|  |TAMS 0x0000000085700000, 0x0000000085700000| Untracked 
|  68|0x0000000085800000, 0x0000000085800000, 0x0000000085900000|  0%| F|  |TAMS 0x0000000085800000, 0x0000000085800000| Untracked 
|  69|0x0000000085900000, 0x0000000085900000, 0x0000000085a00000|  0%| F|  |TAMS 0x0000000085900000, 0x0000000085900000| Untracked 
|  70|0x0000000085a00000, 0x0000000085a00000, 0x0000000085b00000|  0%| F|  |TAMS 0x0000000085a00000, 0x0000000085a00000| Untracked 
|  71|0x0000000085b00000, 0x0000000085c00000, 0x0000000085c00000|100%| E|  |TAMS 0x0000000085b00000, 0x0000000085b00000| Complete 
|  72|0x0000000085c00000, 0x0000000085d00000, 0x0000000085d00000|100%| E|CS|TAMS 0x0000000085c00000, 0x0000000085c00000| Complete 
|  73|0x0000000085d00000, 0x0000000085e00000, 0x0000000085e00000|100%| E|CS|TAMS 0x0000000085d00000, 0x0000000085d00000| Complete 
|  74|0x0000000085e00000, 0x0000000085f00000, 0x0000000085f00000|100%| E|CS|TAMS 0x0000000085e00000, 0x0000000085e00000| Complete 
|  75|0x0000000085f00000, 0x0000000086000000, 0x0000000086000000|100%| E|CS|TAMS 0x0000000085f00000, 0x0000000085f00000| Complete 
|  76|0x0000000086000000, 0x0000000086100000, 0x0000000086100000|100%| E|CS|TAMS 0x0000000086000000, 0x0000000086000000| Complete 
|  77|0x0000000086100000, 0x0000000086200000, 0x0000000086200000|100%| E|CS|TAMS 0x0000000086100000, 0x0000000086100000| Complete 
|  78|0x0000000086200000, 0x0000000086300000, 0x0000000086300000|100%| E|CS|TAMS 0x0000000086200000, 0x0000000086200000| Complete 
|  79|0x0000000086300000, 0x0000000086400000, 0x0000000086400000|100%| E|CS|TAMS 0x0000000086300000, 0x0000000086300000| Complete 
|  80|0x0000000086400000, 0x0000000086500000, 0x0000000086500000|100%| E|CS|TAMS 0x0000000086400000, 0x0000000086400000| Complete 
|  81|0x0000000086500000, 0x0000000086600000, 0x0000000086600000|100%| E|CS|TAMS 0x0000000086500000, 0x0000000086500000| Complete 
|  82|0x0000000086600000, 0x0000000086700000, 0x0000000086700000|100%| E|CS|TAMS 0x0000000086600000, 0x0000000086600000| Complete 
|  83|0x0000000086700000, 0x0000000086800000, 0x0000000086800000|100%| E|CS|TAMS 0x0000000086700000, 0x0000000086700000| Complete 
|  84|0x0000000086800000, 0x0000000086900000, 0x0000000086900000|100%| E|CS|TAMS 0x0000000086800000, 0x0000000086800000| Complete 
|  85|0x0000000086900000, 0x0000000086a00000, 0x0000000086a00000|100%| E|CS|TAMS 0x0000000086900000, 0x0000000086900000| Complete 
|  86|0x0000000086a00000, 0x0000000086b00000, 0x0000000086b00000|100%| E|CS|TAMS 0x0000000086a00000, 0x0000000086a00000| Complete 
|  87|0x0000000086b00000, 0x0000000086c00000, 0x0000000086c00000|100%| E|CS|TAMS 0x0000000086b00000, 0x0000000086b00000| Complete 
|  88|0x0000000086c00000, 0x0000000086d00000, 0x0000000086d00000|100%| E|CS|TAMS 0x0000000086c00000, 0x0000000086c00000| Complete 
|  89|0x0000000086d00000, 0x0000000086e00000, 0x0000000086e00000|100%| E|CS|TAMS 0x0000000086d00000, 0x0000000086d00000| Complete 
|  90|0x0000000086e00000, 0x0000000086f00000, 0x0000000086f00000|100%| E|CS|TAMS 0x0000000086e00000, 0x0000000086e00000| Complete 
|  91|0x0000000086f00000, 0x0000000087000000, 0x0000000087000000|100%| E|CS|TAMS 0x0000000086f00000, 0x0000000086f00000| Complete 
|  92|0x0000000087000000, 0x0000000087100000, 0x0000000087100000|100%| E|CS|TAMS 0x0000000087000000, 0x0000000087000000| Complete 
|  93|0x0000000087100000, 0x0000000087200000, 0x0000000087200000|100%| E|CS|TAMS 0x0000000087100000, 0x0000000087100000| Complete 
|  94|0x0000000087200000, 0x0000000087300000, 0x0000000087300000|100%| E|CS|TAMS 0x0000000087200000, 0x0000000087200000| Complete 
|  95|0x0000000087300000, 0x0000000087400000, 0x0000000087400000|100%| E|CS|TAMS 0x0000000087300000, 0x0000000087300000| Complete 
|  96|0x0000000087400000, 0x0000000087500000, 0x0000000087500000|100%| E|CS|TAMS 0x0000000087400000, 0x0000000087400000| Complete 
|  97|0x0000000087500000, 0x0000000087600000, 0x0000000087600000|100%| E|CS|TAMS 0x0000000087500000, 0x0000000087500000| Complete 
|  98|0x0000000087600000, 0x0000000087700000, 0x0000000087700000|100%| E|CS|TAMS 0x0000000087600000, 0x0000000087600000| Complete 
|  99|0x0000000087700000, 0x0000000087800000, 0x0000000087800000|100%| E|CS|TAMS 0x0000000087700000, 0x0000000087700000| Complete 
| 100|0x0000000087800000, 0x00000000878836f0, 0x0000000087900000| 51%| S|CS|TAMS 0x0000000087800000, 0x0000000087800000| Complete 
| 101|0x0000000087900000, 0x0000000087a00000, 0x0000000087a00000|100%| S|CS|TAMS 0x0000000087900000, 0x0000000087900000| Complete 
| 102|0x0000000087a00000, 0x0000000087b00000, 0x0000000087b00000|100%| S|CS|TAMS 0x0000000087a00000, 0x0000000087a00000| Complete 
| 103|0x0000000087b00000, 0x0000000087c00000, 0x0000000087c00000|100%| E|CS|TAMS 0x0000000087b00000, 0x0000000087b00000| Complete 
| 104|0x0000000087c00000, 0x0000000087d00000, 0x0000000087d00000|100%| E|CS|TAMS 0x0000000087c00000, 0x0000000087c00000| Complete 
| 105|0x0000000087d00000, 0x0000000087e00000, 0x0000000087e00000|100%| E|CS|TAMS 0x0000000087d00000, 0x0000000087d00000| Complete 
| 106|0x0000000087e00000, 0x0000000087f00000, 0x0000000087f00000|100%| E|CS|TAMS 0x0000000087e00000, 0x0000000087e00000| Complete 
| 107|0x0000000087f00000, 0x0000000088000000, 0x0000000088000000|100%| E|CS|TAMS 0x0000000087f00000, 0x0000000087f00000| Complete 
| 108|0x0000000088000000, 0x0000000088100000, 0x0000000088100000|100%| E|CS|TAMS 0x0000000088000000, 0x0000000088000000| Complete 
| 109|0x0000000088100000, 0x0000000088200000, 0x0000000088200000|100%| E|CS|TAMS 0x0000000088100000, 0x0000000088100000| Complete 
| 110|0x0000000088200000, 0x0000000088300000, 0x0000000088300000|100%| E|CS|TAMS 0x0000000088200000, 0x0000000088200000| Complete 
| 111|0x0000000088300000, 0x0000000088400000, 0x0000000088400000|100%| E|CS|TAMS 0x0000000088300000, 0x0000000088300000| Complete 
| 112|0x0000000088400000, 0x0000000088500000, 0x0000000088500000|100%| E|CS|TAMS 0x0000000088400000, 0x0000000088400000| Complete 
| 113|0x0000000088500000, 0x0000000088600000, 0x0000000088600000|100%| E|CS|TAMS 0x0000000088500000, 0x0000000088500000| Complete 
| 114|0x0000000088600000, 0x0000000088700000, 0x0000000088700000|100%| E|CS|TAMS 0x0000000088600000, 0x0000000088600000| Complete 
| 115|0x0000000088700000, 0x0000000088800000, 0x0000000088800000|100%| E|CS|TAMS 0x0000000088700000, 0x0000000088700000| Complete 
| 116|0x0000000088800000, 0x0000000088900000, 0x0000000088900000|100%| E|CS|TAMS 0x0000000088800000, 0x0000000088800000| Complete 
| 117|0x0000000088900000, 0x0000000088a00000, 0x0000000088a00000|100%| E|CS|TAMS 0x0000000088900000, 0x0000000088900000| Complete 
| 118|0x0000000088a00000, 0x0000000088b00000, 0x0000000088b00000|100%| E|CS|TAMS 0x0000000088a00000, 0x0000000088a00000| Complete 
| 119|0x0000000088b00000, 0x0000000088c00000, 0x0000000088c00000|100%| E|CS|TAMS 0x0000000088b00000, 0x0000000088b00000| Complete 
| 120|0x0000000088c00000, 0x0000000088d00000, 0x0000000088d00000|100%| E|CS|TAMS 0x0000000088c00000, 0x0000000088c00000| Complete 
| 121|0x0000000088d00000, 0x0000000088e00000, 0x0000000088e00000|100%| E|CS|TAMS 0x0000000088d00000, 0x0000000088d00000| Complete 
| 122|0x0000000088e00000, 0x0000000088f00000, 0x0000000088f00000|100%| E|CS|TAMS 0x0000000088e00000, 0x0000000088e00000| Complete 
| 123|0x0000000088f00000, 0x0000000089000000, 0x0000000089000000|100%| E|CS|TAMS 0x0000000088f00000, 0x0000000088f00000| Complete 
| 124|0x0000000089000000, 0x0000000089100000, 0x0000000089100000|100%| E|CS|TAMS 0x0000000089000000, 0x0000000089000000| Complete 
| 125|0x0000000089100000, 0x0000000089200000, 0x0000000089200000|100%| E|CS|TAMS 0x0000000089100000, 0x0000000089100000| Complete 
| 126|0x0000000089200000, 0x0000000089300000, 0x0000000089300000|100%| E|CS|TAMS 0x0000000089200000, 0x0000000089200000| Complete 
| 127|0x0000000089300000, 0x0000000089400000, 0x0000000089400000|100%| E|CS|TAMS 0x0000000089300000, 0x0000000089300000| Complete 

Card table byte_map: [0x0000020647f80000,0x0000020648380000] _byte_map_base: 0x0000020647b76000

Marking Bits (Prev, Next): (CMBitMap*) 0x000002062f5cd390, (CMBitMap*) 0x000002062f5cd3d0
 Prev Bits: [0x0000020648780000, 0x000002064a730000)
 Next Bits: [0x000002064a730000, 0x000002064c6e0000)

Polling page: 0x000002062f450000

Metaspace:

Usage:
  Non-class:     15.46 MB used.
      Class:      1.98 MB used.
       Both:     17.44 MB used.

Virtual space:
  Non-class space:       16.00 MB reserved,      15.56 MB ( 97%) committed,  2 nodes.
      Class space:        1.00 GB reserved,       2.06 MB ( <1%) committed,  1 nodes.
             Both:        1.02 GB reserved,      17.62 MB (  2%) committed. 

Chunk freelists:
   Non-Class:  227.00 KB
       Class:  1.75 MB
        Both:  1.97 MB

MaxMetaspaceSize: unlimited
CompressedClassSpaceSize: 1.00 GB
Initial GC threshold: 21.00 MB
Current GC threshold: 21.00 MB
CDS: on
MetaspaceReclaimPolicy: balanced
 - commit_granule_bytes: 65536.
 - commit_granule_words: 8192.
 - virtual_space_node_default_size: 1048576.
 - enlarge_chunks_in_place: 1.
 - new_chunks_are_fully_committed: 0.
 - uncommit_free_chunks: 1.
 - use_allocation_guard: 0.
 - handle_deallocations: 1.


Internal statistics:

num_allocs_failed_limit: 0.
num_arena_births: 162.
num_arena_deaths: 0.
num_vsnodes_births: 3.
num_vsnodes_deaths: 0.
num_space_committed: 282.
num_space_uncommitted: 0.
num_chunks_returned_to_freelist: 0.
num_chunks_taken_from_freelist: 293.
num_chunk_merges: 0.
num_chunk_splits: 164.
num_chunks_enlarged: 73.
num_purges: 0.
num_inconsistent_stats: 0.

CodeHeap 'non-profiled nmethods': size=120000Kb used=691Kb max_used=691Kb free=119308Kb
 bounds [0x0000020640020000, 0x0000020640290000, 0x0000020647550000]
CodeHeap 'profiled nmethods': size=120000Kb used=3333Kb max_used=3333Kb free=116666Kb
 bounds [0x0000020638af0000, 0x0000020638e40000, 0x0000020640020000]
CodeHeap 'non-nmethods': size=5760Kb used=1350Kb max_used=1352Kb free=4409Kb
 bounds [0x0000020638550000, 0x00000206387c0000, 0x0000020638af0000]
 total_blobs=2599 nmethods=1911 adapters=600
 compilation: enabled
              stopped_count=0, restarted_count=0
 full_count=0

Compilation events (20 events):
Event: 1.780 Thread 0x000002064ecbce60 1902  s    3       sun.java2d.StateTrackableDelegate::setUntrackable (33 bytes)
Event: 1.780 Thread 0x000002064ecbce60 nmethod 1902 0x0000020638e2b790 code [0x0000020638e2b940, 0x0000020638e2bca8]
Event: 1.780 Thread 0x000002064ecbce60 1903       3       java.awt.MultipleGradientPaintContext::getRaster (110 bytes)
Event: 1.781 Thread 0x000002064ecbce60 nmethod 1903 0x0000020638e2bd90 code [0x0000020638e2bfa0, 0x0000020638e2c7a8]
Event: 1.781 Thread 0x000002064ecbce60 1904       3       java.awt.image.DataBufferInt::getData (14 bytes)
Event: 1.781 Thread 0x000002064ecbce60 nmethod 1904 0x0000020638e2cb10 code [0x0000020638e2cce0, 0x0000020638e2d108]
Event: 1.785 Thread 0x000002064ecbc3c0 nmethod 1900% 0x00000206400cbb10 code [0x00000206400cbce0, 0x00000206400cc578]
Event: 1.805 Thread 0x000002064ecbce60 1906       3       sun.java2d.pipe.RenderBuffer::putInt (26 bytes)
Event: 1.805 Thread 0x000002064ecbce60 nmethod 1906 0x0000020638e2d310 code [0x0000020638e2d4a0, 0x0000020638e2d638]
Event: 1.805 Thread 0x000002064ecbce60 1907       3       jdk.internal.misc.Unsafe::putInt (8 bytes)
Event: 1.805 Thread 0x000002064ecbce60 nmethod 1907 0x0000020638e2d710 code [0x0000020638e2d8a0, 0x0000020638e2d9b8]
Event: 1.808 Thread 0x000002064ecbce60 1908       3       java.lang.invoke.MethodHandleNatives::linkCallSite (66 bytes)
Event: 1.808 Thread 0x000002064ecbc3c0 1911       4       jdk.internal.org.objectweb.asm.SymbolTable::addConstantUtf8 (98 bytes)
Event: 1.808 Thread 0x000002064ecbce60 nmethod 1908 0x0000020638e2da90 code [0x0000020638e2dc60, 0x0000020638e2e1a8]
Event: 1.808 Thread 0x000002064ecbce60 1909       3       java.lang.invoke.MethodHandleNatives::linkCallSiteImpl (44 bytes)
Event: 1.809 Thread 0x000002064ecbce60 nmethod 1909 0x0000020638e2e390 code [0x0000020638e2e5c0, 0x0000020638e2eed8]
Event: 1.809 Thread 0x000002064ecbce60 1913       3       jdk.internal.misc.Unsafe::putByte (8 bytes)
Event: 1.809 Thread 0x000002064ecbce60 nmethod 1913 0x0000020638e2f210 code [0x0000020638e2f3a0, 0x0000020638e2f4b8]
Event: 1.809 Thread 0x000002064ecbce60 1910   !   3       java.lang.invoke.CallSite::makeSite (91 bytes)
Event: 1.809 Thread 0x000002064ecbce60 nmethod 1910 0x0000020638e2f590 code [0x0000020638e2f8c0, 0x0000020638e30998]

GC Heap History (6 events):
Event: 0.711 GC heap before
{Heap before GC invocations=0 (full 0):
 garbage-first heap   total 131072K, used 13312K [0x0000000081400000, 0x0000000100000000)
  region size 1024K, 13 young (13312K), 0 survivors (0K)
 Metaspace       used 12079K, committed 12352K, reserved 1064960K
  class space    used 1376K, committed 1536K, reserved 1048576K
}
Event: 0.717 GC heap after
{Heap after GC invocations=1 (full 0):
 garbage-first heap   total 131072K, used 3995K [0x0000000081400000, 0x0000000100000000)
  region size 1024K, 2 young (2048K), 2 survivors (2048K)
 Metaspace       used 12079K, committed 12352K, reserved 1064960K
  class space    used 1376K, committed 1536K, reserved 1048576K
}
Event: 1.120 GC heap before
{Heap before GC invocations=1 (full 0):
 garbage-first heap   total 131072K, used 9115K [0x0000000081400000, 0x0000000100000000)
  region size 1024K, 8 young (8192K), 2 survivors (2048K)
 Metaspace       used 15178K, committed 15360K, reserved 1064960K
  class space    used 1733K, committed 1856K, reserved 1048576K
}
Event: 1.123 GC heap after
{Heap after GC invocations=2 (full 0):
 garbage-first heap   total 131072K, used 5522K [0x0000000081400000, 0x0000000100000000)
  region size 1024K, 1 young (1024K), 1 survivors (1024K)
 Metaspace       used 15178K, committed 15360K, reserved 1064960K
  class space    used 1733K, committed 1856K, reserved 1048576K
}
Event: 1.451 GC heap before
{Heap before GC invocations=2 (full 0):
 garbage-first heap   total 131072K, used 32146K [0x0000000081400000, 0x0000000100000000)
  region size 1024K, 25 young (25600K), 1 survivors (1024K)
 Metaspace       used 17187K, committed 17408K, reserved 1064960K
  class space    used 1953K, committed 2048K, reserved 1048576K
}
Event: 1.453 GC heap after
{Heap after GC invocations=3 (full 0):
 garbage-first heap   total 131072K, used 10144K [0x0000000081400000, 0x0000000100000000)
  region size 1024K, 3 young (3072K), 3 survivors (3072K)
 Metaspace       used 17187K, committed 17408K, reserved 1064960K
  class space    used 1953K, committed 2048K, reserved 1048576K
}

Deoptimization events (20 events):
Event: 1.429 Thread 0x000002064fae48b0 DEOPT PACKING pc=0x0000020638de72c2 sp=0x00000061c11fdb30
Event: 1.429 Thread 0x000002064fae48b0 DEOPT UNPACKING pc=0x00000206385a2b43 sp=0x00000061c11fd020 mode 0
Event: 1.434 Thread 0x000002064fae48b0 DEOPT PACKING pc=0x0000020638de72c2 sp=0x00000061c11fccf0
Event: 1.434 Thread 0x000002064fae48b0 DEOPT UNPACKING pc=0x00000206385a2b43 sp=0x00000061c11fc1e0 mode 0
Event: 1.437 Thread 0x000002064fae48b0 DEOPT PACKING pc=0x0000020638de72c2 sp=0x00000061c11fccf0
Event: 1.437 Thread 0x000002064fae48b0 DEOPT UNPACKING pc=0x00000206385a2b43 sp=0x00000061c11fc1e0 mode 0
Event: 1.440 Thread 0x000002064fae48b0 DEOPT PACKING pc=0x0000020638de72c2 sp=0x00000061c11fccf0
Event: 1.440 Thread 0x000002064fae48b0 DEOPT UNPACKING pc=0x00000206385a2b43 sp=0x00000061c11fc1e0 mode 0
Event: 1.492 Thread 0x000002064fae48b0 DEOPT PACKING pc=0x0000020638de4a7c sp=0x00000061c11fe600
Event: 1.492 Thread 0x000002064fae48b0 DEOPT UNPACKING pc=0x00000206385a2b43 sp=0x00000061c11fdad0 mode 0
Event: 1.492 Thread 0x000002064fae48b0 Uncommon trap: trap_request=0xffffffe4 fr.pc=0x00000206400ba654 relative=0x0000000000001614
Event: 1.492 Thread 0x000002064fae48b0 Uncommon trap: reason=range_check action=make_not_entrant pc=0x00000206400ba654 method=java.awt.image.DirectColorModel.setFields()V @ 6 c2
Event: 1.492 Thread 0x000002064fae48b0 DEOPT PACKING pc=0x00000206400ba654 sp=0x00000061c11fe610
Event: 1.492 Thread 0x000002064fae48b0 DEOPT UNPACKING pc=0x00000206385a23a3 sp=0x00000061c11fe458 mode 2
Event: 1.543 Thread 0x000002064fae48b0 DEOPT PACKING pc=0x0000020638d8fbfe sp=0x00000061c11fe070
Event: 1.543 Thread 0x000002064fae48b0 DEOPT UNPACKING pc=0x00000206385a2b43 sp=0x00000061c11fd4c8 mode 0
Event: 1.759 Thread 0x00000206507b1610 Uncommon trap: trap_request=0xffffff45 fr.pc=0x00000206400a9fb8 relative=0x0000000000000598
Event: 1.759 Thread 0x00000206507b1610 Uncommon trap: reason=unstable_if action=reinterpret pc=0x00000206400a9fb8 method=sun.awt.image.ByteInterleavedRaster.putByteData(IIII[B)V @ 79 c2
Event: 1.759 Thread 0x00000206507b1610 DEOPT PACKING pc=0x00000206400a9fb8 sp=0x00000061c1afe550
Event: 1.759 Thread 0x00000206507b1610 DEOPT UNPACKING pc=0x00000206385a23a3 sp=0x00000061c1afe500 mode 2

Classes unloaded (0 events):
No events

Classes redefined (0 events):
No events

Internal exceptions (20 events):
Event: 0.311 Thread 0x000002062f58df90 Exception <a 'java/lang/ClassNotFoundException'{0x0000000088fa6cc0}: TreeCell> (0x0000000088fa6cc0) 
thrown [t:\workspace\open\src\hotspot\share\classfile\systemDictionary.cpp, line 256]
Event: 0.311 Thread 0x000002062f58df90 Exception <a 'java/lang/ClassNotFoundException'{0x0000000088fa7480}: RootPane> (0x0000000088fa7480) 
thrown [t:\workspace\open\src\hotspot\share\classfile\systemDictionary.cpp, line 256]
Event: 0.313 Thread 0x000002062f58df90 Exception <a 'java/lang/ClassNotFoundException'{0x0000000088faa2d0}: com/sun/swing/internal/plaf/metal/resources/spi/metalProvider> (0x0000000088faa2d0) 
thrown [t:\workspace\open\src\hotspot\share\classfile\systemDictionary.cpp, line 256]
Event: 0.313 Thread 0x000002062f58df90 Exception <a 'java/lang/ClassNotFoundException'{0x0000000088faded0}: com/sun/swing/internal/plaf/basic/resources/spi/basicProvider> (0x0000000088faded0) 
thrown [t:\workspace\open\src\hotspot\share\classfile\systemDictionary.cpp, line 256]
Event: 0.426 Thread 0x000002064fae48b0 Exception <a 'java/lang/ClassNotFoundException'{0x0000000088e58038}: com/sun/swing/internal/plaf/synth/resources/spi/synthProvider> (0x0000000088e58038) 
thrown [t:\workspace\open\src\hotspot\share\classfile\systemDictionary.cpp, line 256]
Event: 0.442 Thread 0x000002064fae48b0 Implicit null exception at 0x000002064003fc8f to 0x000002064003fd09
Event: 0.445 Thread 0x000002064fae48b0 Exception <a 'java/io/FileNotFoundException'{0x0000000088ee34a8}> (0x0000000088ee34a8) 
thrown [t:\workspace\open\src\hotspot\share\prims\jni.cpp, line 516]
Event: 0.530 Thread 0x00000206507b1610 Exception <a 'java/lang/NoSuchMethodError'{0x0000000088bfe960}: 'java.lang.Object java.lang.invoke.DirectMethodHandle$Holder.newInvokeSpecial(java.lang.Object, java.lang.Object, java.lang.Object, int, int, int, int, int)'> (0x0000000088bfe960) 
thrown [t:\workspace\open\src\hotspot\share\interpreter\linkResolver.cpp, line 766]
Event: 0.542 Thread 0x000002064fac8b00 Exception <a 'java/lang/NoSuchMethodError'{0x000000008900fb30}: 'void java.lang.invoke.DirectMethodHandle$Holder.invokeVirtual(java.lang.Object, java.lang.Object)'> (0x000000008900fb30) 
thrown [t:\workspace\open\src\hotspot\share\interpreter\linkResolver.cpp, line 766]
Event: 0.554 Thread 0x000002064fae48b0 Exception <a 'java/lang/NoSuchMethodError'{0x0000000088a59470}: 'void java.lang.invoke.DirectMethodHandle$Holder.invokeStaticInit(java.lang.Object)'> (0x0000000088a59470) 
thrown [t:\workspace\open\src\hotspot\share\interpreter\linkResolver.cpp, line 766]
Event: 0.641 Thread 0x000002064fae48b0 Exception <a 'sun/nio/fs/WindowsException'{0x00000000889d48f8}> (0x00000000889d48f8) 
thrown [t:\workspace\open\src\hotspot\share\prims\jni.cpp, line 516]
Event: 0.650 Thread 0x000002064fae48b0 Exception <a 'java/lang/NoSuchMethodError'{0x00000000889fddd8}: 'int java.lang.invoke.DirectMethodHandle$Holder.invokeStaticInit(java.lang.Object, java.lang.Object, java.lang.Object, java.lang.Object)'> (0x00000000889fddd8) 
thrown [t:\workspace\open\src\hotspot\share\interpreter\linkResolver.cpp, line 766]
Event: 0.651 Thread 0x000002064fae48b0 Exception <a 'java/lang/NoSuchMethodError'{0x0000000088807ad8}: 'java.lang.Object java.lang.invoke.DirectMethodHandle$Holder.invokeInterface(java.lang.Object, java.lang.Object)'> (0x0000000088807ad8) 
thrown [t:\workspace\open\src\hotspot\share\interpreter\linkResolver.cpp, line 766]
Event: 0.651 Thread 0x000002064fae48b0 Exception <a 'java/lang/IncompatibleClassChangeError'{0x000000008880b2d0}: Found class java.lang.Object, but interface was expected> (0x000000008880b2d0) 
thrown [t:\workspace\open\src\hotspot\share\interpreter\linkResolver.cpp, line 833]
Event: 0.652 Thread 0x000002064fae48b0 Exception <a 'java/lang/NoSuchMethodError'{0x000000008880e248}: 'void java.lang.invoke.DirectMethodHandle$Holder.invokeStatic(java.lang.Object, java.lang.Object)'> (0x000000008880e248) 
thrown [t:\workspace\open\src\hotspot\share\interpreter\linkResolver.cpp, line 766]
Event: 0.652 Thread 0x000002064fae48b0 Exception <a 'java/lang/NoSuchMethodError'{0x0000000088811848}: 'void java.lang.invoke.DirectMethodHandle$Holder.invokeStaticInit(java.lang.Object, java.lang.Object)'> (0x0000000088811848) 
thrown [t:\workspace\open\src\hotspot\share\interpreter\linkResolver.cpp, line 766]
Event: 0.652 Thread 0x000002064fae48b0 Exception <a 'java/lang/NoSuchMethodError'{0x0000000088817430}: 'int java.lang.invoke.DirectMethodHandle$Holder.invokeStaticInit(java.lang.Object, java.lang.Object)'> (0x0000000088817430) 
thrown [t:\workspace\open\src\hotspot\share\interpreter\linkResolver.cpp, line 766]
Event: 0.756 Thread 0x000002064fae48b0 Exception <a 'java/lang/NoSuchMethodError'{0x00000000890a3758}: 'java.lang.Object java.lang.invoke.DirectMethodHandle$Holder.invokeStaticInit(java.lang.Object, int, int, int, int)'> (0x00000000890a3758) 
thrown [t:\workspace\open\src\hotspot\share\interpreter\linkResolver.cpp, line 766]
Event: 0.841 Thread 0x000002064fae48b0 Exception <a 'java/lang/NoSuchMethodError'{0x0000000088f46e70}: 'java.lang.Object java.lang.invoke.DirectMethodHandle$Holder.invokeStaticInit(java.lang.Object, java.lang.Object, int, int, int, int)'> (0x0000000088f46e70) 
thrown [t:\workspace\open\src\hotspot\share\interpreter\linkResolver.cpp, line 766]
Event: 1.184 Thread 0x000002064fae48b0 Implicit null exception at 0x000002064007d60c to 0x000002064007d7cd

VM Operations (20 events):
Event: 0.696 Executing VM operation: ICBufferFull
Event: 0.696 Executing VM operation: ICBufferFull done
Event: 0.711 Executing VM operation: G1CollectForAllocation
Event: 0.717 Executing VM operation: G1CollectForAllocation done
Event: 0.764 Executing VM operation: HandshakeAllThreads
Event: 0.764 Executing VM operation: HandshakeAllThreads done
Event: 1.120 Executing VM operation: G1CollectForAllocation
Event: 1.123 Executing VM operation: G1CollectForAllocation done
Event: 1.304 Executing VM operation: HandshakeAllThreads
Event: 1.304 Executing VM operation: HandshakeAllThreads done
Event: 1.304 Executing VM operation: HandshakeAllThreads
Event: 1.304 Executing VM operation: HandshakeAllThreads done
Event: 1.305 Executing VM operation: HandshakeAllThreads
Event: 1.305 Executing VM operation: HandshakeAllThreads done
Event: 1.451 Executing VM operation: G1CollectForAllocation
Event: 1.453 Executing VM operation: G1CollectForAllocation done
Event: 1.753 Executing VM operation: HandshakeAllThreads
Event: 1.753 Executing VM operation: HandshakeAllThreads done
Event: 1.772 Executing VM operation: HandshakeAllThreads
Event: 1.772 Executing VM operation: HandshakeAllThreads done

Events (20 events):
Event: 1.807 loading class sun/java2d/marlin/TransformingPathConsumer2D$PathClipFilter
Event: 1.808 loading class sun/java2d/marlin/TransformingPathConsumer2D$PathClipFilter done
Event: 1.808 loading class sun/java2d/marlin/Helpers$IndexStack
Event: 1.808 loading class sun/java2d/marlin/Helpers$IndexStack done
Event: 1.808 loading class sun/java2d/marlin/IntArrayCache$Reference
Event: 1.808 loading class sun/java2d/marlin/IntArrayCache$Reference done
Event: 1.808 loading class sun/java2d/marlin/MarlinCache
Event: 1.808 loading class sun/java2d/marlin/MarlinCache done
Event: 1.808 loading class sun/java2d/marlin/OffHeapArray
Event: 1.808 loading class sun/java2d/marlin/OffHeapArray done
Event: 1.809 loading class sun/java2d/marlin/Renderer
Event: 1.809 loading class sun/java2d/marlin/Renderer done
Event: 1.809 loading class sun/java2d/marlin/MarlinTileGenerator
Event: 1.809 loading class sun/java2d/pipe/AATileGenerator
Event: 1.809 loading class sun/java2d/pipe/AATileGenerator done
Event: 1.809 loading class sun/java2d/marlin/MarlinTileGenerator done
Event: 1.809 loading class sun/java2d/marlin/Stroker
Event: 1.810 loading class sun/java2d/marlin/Stroker done
Event: 1.810 loading class sun/java2d/marlin/Dasher
Event: 1.810 loading class sun/java2d/marlin/Dasher done


Dynamic libraries:
0x00007ff661050000 - 0x00007ff661060000 	C:\Program Files\Java\jdk-17.0.1\bin\java.exe
0x00007ffd15490000 - 0x00007ffd15688000 	C:\WINDOWS\SYSTEM32\ntdll.dll
0x00007ffd145a0000 - 0x00007ffd1465d000 	C:\WINDOWS\System32\KERNEL32.DLL
0x00007ffd13020000 - 0x00007ffd132ee000 	C:\WINDOWS\System32\KERNELBASE.dll
0x00007ffd12d80000 - 0x00007ffd12e80000 	C:\WINDOWS\System32\ucrtbase.dll
0x00007ffcfab50000 - 0x00007ffcfab68000 	C:\Program Files\Java\jdk-17.0.1\bin\jli.dll
0x00007ffceff10000 - 0x00007ffceff2a000 	C:\Program Files\Java\jdk-17.0.1\bin\VCRUNTIME140.dll
0x00007ffd135e0000 - 0x00007ffd1368e000 	C:\WINDOWS\System32\ADVAPI32.dll
0x00007ffd14500000 - 0x00007ffd1459e000 	C:\WINDOWS\System32\msvcrt.dll
0x00007ffd15120000 - 0x00007ffd151bc000 	C:\WINDOWS\System32\sechost.dll
0x00007ffd151c0000 - 0x00007ffd152e5000 	C:\WINDOWS\System32\RPCRT4.dll
0x00007ffd13d60000 - 0x00007ffd13f00000 	C:\WINDOWS\System32\USER32.dll
0x00007ffd12d00000 - 0x00007ffd12d22000 	C:\WINDOWS\System32\win32u.dll
0x00007ffd13820000 - 0x00007ffd1384a000 	C:\WINDOWS\System32\GDI32.dll
0x00007ffd12f10000 - 0x00007ffd1301b000 	C:\WINDOWS\System32\gdi32full.dll
0x00007ffd13450000 - 0x00007ffd134ed000 	C:\WINDOWS\System32\msvcp_win.dll
0x00007ffcfd2d0000 - 0x00007ffcfd56a000 	C:\WINDOWS\WinSxS\amd64_microsoft.windows.common-controls_6595b64144ccf1df_6.0.19041.1110_none_60b5254171f9507e\COMCTL32.dll
0x00007ffd09a20000 - 0x00007ffd09a2a000 	C:\WINDOWS\SYSTEM32\VERSION.dll
0x00007ffd148d0000 - 0x00007ffd14900000 	C:\WINDOWS\System32\IMM32.DLL
0x00007ffd043a0000 - 0x00007ffd043ac000 	C:\Program Files\Java\jdk-17.0.1\bin\vcruntime140_1.dll
0x00007ffce5c60000 - 0x00007ffce5ced000 	C:\Program Files\Java\jdk-17.0.1\bin\msvcp140.dll
0x00007ffca91a0000 - 0x00007ffca9d5e000 	C:\Program Files\Java\jdk-17.0.1\bin\server\jvm.dll
0x00007ffd13510000 - 0x00007ffd13518000 	C:\WINDOWS\System32\PSAPI.DLL
0x00007ffd043d0000 - 0x00007ffd043d9000 	C:\WINDOWS\SYSTEM32\WSOCK32.dll
0x00007ffd14740000 - 0x00007ffd147ab000 	C:\WINDOWS\System32\WS2_32.dll
0x00007ffd07e70000 - 0x00007ffd07e97000 	C:\WINDOWS\SYSTEM32\WINMM.dll
0x00007ffd10a90000 - 0x00007ffd10aa2000 	C:\WINDOWS\SYSTEM32\kernel.appcore.dll
0x00007ffd034d0000 - 0x00007ffd034da000 	C:\Program Files\Java\jdk-17.0.1\bin\jimage.dll
0x00007ffd09430000 - 0x00007ffd09614000 	C:\WINDOWS\SYSTEM32\DBGHELP.DLL
0x00007ffcff100000 - 0x00007ffcff12c000 	C:\WINDOWS\SYSTEM32\dbgcore.DLL
0x00007ffd12e80000 - 0x00007ffd12f02000 	C:\WINDOWS\System32\bcryptPrimitives.dll
0x00007ffced470000 - 0x00007ffced495000 	C:\Program Files\Java\jdk-17.0.1\bin\java.dll
0x00007ffced390000 - 0x00007ffced466000 	C:\Program Files\Java\jdk-17.0.1\bin\svml.dll
0x00007ffd14900000 - 0x00007ffd15044000 	C:\WINDOWS\System32\SHELL32.dll
0x00007ffd10c90000 - 0x00007ffd11424000 	C:\WINDOWS\SYSTEM32\windows.storage.dll
0x00007ffd13850000 - 0x00007ffd13ba4000 	C:\WINDOWS\System32\combase.dll
0x00007ffd12460000 - 0x00007ffd12490000 	C:\WINDOWS\SYSTEM32\Wldp.dll
0x00007ffd13710000 - 0x00007ffd137bd000 	C:\WINDOWS\System32\SHCORE.dll
0x00007ffd13f00000 - 0x00007ffd13f55000 	C:\WINDOWS\System32\shlwapi.dll
0x00007ffd12af0000 - 0x00007ffd12b0f000 	C:\WINDOWS\SYSTEM32\profapi.dll
0x00007ffced370000 - 0x00007ffced389000 	C:\Program Files\Java\jdk-17.0.1\bin\net.dll
0x00007ffd0be00000 - 0x00007ffd0bf0a000 	C:\WINDOWS\SYSTEM32\WINHTTP.dll
0x00007ffd12240000 - 0x00007ffd122aa000 	C:\WINDOWS\system32\mswsock.dll
0x00007ffced350000 - 0x00007ffced365000 	C:\Program Files\Java\jdk-17.0.1\bin\nio.dll
0x00007ffced330000 - 0x00007ffced348000 	C:\Program Files\Java\jdk-17.0.1\bin\zip.dll
0x00007ffcba0e0000 - 0x00007ffcba26f000 	C:\Program Files\Java\jdk-17.0.1\bin\awt.dll
0x00007ffd15050000 - 0x00007ffd1511d000 	C:\WINDOWS\System32\OLEAUT32.dll
0x00007ffd104b0000 - 0x00007ffd10540000 	C:\WINDOWS\SYSTEM32\apphelp.dll
0x00007ffd105b0000 - 0x00007ffd1064e000 	C:\WINDOWS\system32\uxtheme.dll
0x00007ffd147b0000 - 0x00007ffd148c5000 	C:\WINDOWS\System32\MSCTF.dll
0x00007ffd143d0000 - 0x00007ffd144fa000 	C:\WINDOWS\System32\ole32.dll
0x00007ffd108b0000 - 0x00007ffd108df000 	C:\WINDOWS\system32\DWMAPI.DLL
0x00007ffce52b0000 - 0x00007ffce5339000 	C:\Program Files\Java\jdk-17.0.1\bin\freetype.dll
0x00007ffcb9d80000 - 0x00007ffcb9e28000 	C:\Program Files\Java\jdk-17.0.1\bin\fontmanager.dll
0x00007ffd0b680000 - 0x00007ffd0b7a7000 	C:\WINDOWS\system32\opengl32.dll
0x00007ffd0b650000 - 0x00007ffd0b67c000 	C:\WINDOWS\SYSTEM32\GLU32.dll
0x00007ffcd9480000 - 0x00007ffcd964f000 	C:\WINDOWS\system32\d3d9.dll
0x00007ffd06ee0000 - 0x00007ffd070bb000 	C:\WINDOWS\System32\DriverStore\FileRepository\u0366969.inf_amd64_ac17bf5df0cf21d8\B367016\aticfx64.dll
0x00007ffcf53d0000 - 0x00007ffcf5403000 	C:\WINDOWS\System32\DriverStore\FileRepository\u0366969.inf_amd64_ac17bf5df0cf21d8\B367016\atiu9p64.dll
0x00007ffcd8720000 - 0x00007ffcd947a000 	C:\WINDOWS\System32\DriverStore\FileRepository\u0366969.inf_amd64_ac17bf5df0cf21d8\B367016\atiumd64.dll
0x0000000050b80000 - 0x0000000051a4b000 	C:\WINDOWS\System32\DriverStore\FileRepository\u0366969.inf_amd64_ac17bf5df0cf21d8\B367016\atiumd6a.dll
0x00007ffd12970000 - 0x00007ffd129bb000 	C:\WINDOWS\SYSTEM32\POWRPROF.dll
0x00007ffd12950000 - 0x00007ffd12962000 	C:\WINDOWS\SYSTEM32\UMPDC.dll
0x00007ffd07e00000 - 0x00007ffd07e30000 	C:\WINDOWS\SYSTEM32\amdihk64.dll
0x00007ffd0d4a0000 - 0x00007ffd0d4db000 	C:\WINDOWS\SYSTEM32\dxcore.dll
0x00007ffd12d30000 - 0x00007ffd12d7e000 	C:\WINDOWS\System32\cfgmgr32.dll
0x00007ffd03f80000 - 0x00007ffd03f8e000 	C:\Program Files\Java\jdk-17.0.1\bin\sunmscapi.dll
0x00007ffd132f0000 - 0x00007ffd13446000 	C:\WINDOWS\System32\CRYPT32.dll
0x00007ffd12530000 - 0x00007ffd12557000 	C:\WINDOWS\SYSTEM32\ncrypt.dll
0x00007ffd12490000 - 0x00007ffd124cb000 	C:\WINDOWS\SYSTEM32\NTASN1.dll
0x00007ffd12810000 - 0x00007ffd12828000 	C:\WINDOWS\SYSTEM32\CRYPTSP.dll
0x00007ffd11be0000 - 0x00007ffd11c14000 	C:\WINDOWS\system32\rsaenh.dll
0x00007ffd12bb0000 - 0x00007ffd12bd7000 	C:\WINDOWS\System32\bcrypt.dll
0x00007ffd12ab0000 - 0x00007ffd12ade000 	C:\WINDOWS\SYSTEM32\USERENV.dll
0x00007ffd123d0000 - 0x00007ffd123dc000 	C:\WINDOWS\SYSTEM32\CRYPTBASE.dll
0x00007ffd11f50000 - 0x00007ffd11f8b000 	C:\WINDOWS\SYSTEM32\IPHLPAPI.DLL
0x00007ffd152f0000 - 0x00007ffd152f8000 	C:\WINDOWS\System32\NSI.dll
0x00007ffd0c540000 - 0x00007ffd0c557000 	C:\WINDOWS\SYSTEM32\dhcpcsvc6.DLL
0x00007ffd0c450000 - 0x00007ffd0c46d000 	C:\WINDOWS\SYSTEM32\dhcpcsvc.DLL
0x00007ffd11f90000 - 0x00007ffd1205b000 	C:\WINDOWS\SYSTEM32\DNSAPI.dll
0x00007ffd09c90000 - 0x00007ffd09c9a000 	C:\Windows\System32\rasadhlp.dll
0x00007ffd0ba60000 - 0x00007ffd0bae0000 	C:\WINDOWS\System32\fwpuclnt.dll
0x00007ffcec040000 - 0x00007ffcec06d000 	C:\Program Files\Java\jdk-17.0.1\bin\javajpeg.dll
0x00007ffcf8c30000 - 0x00007ffcf8d29000 	C:\WINDOWS\SYSTEM32\textinputframework.dll
0x00007ffd102e0000 - 0x00007ffd103d2000 	C:\WINDOWS\System32\CoreMessaging.dll
0x00007ffd0fe80000 - 0x00007ffd101de000 	C:\WINDOWS\System32\CoreUIComponents.dll
0x00007ffd0f690000 - 0x00007ffd0f7e4000 	C:\WINDOWS\SYSTEM32\wintypes.dll
0x00007ffd11870000 - 0x00007ffd118a3000 	C:\WINDOWS\SYSTEM32\ntmarta.dll

dbghelp: loaded successfully - version: 4.0.5 - missing functions: none
symbol engine: initialized successfully - sym options: 0x614 - pdb path: .;C:\Program Files\Java\jdk-17.0.1\bin;C:\WINDOWS\SYSTEM32;C:\WINDOWS\WinSxS\amd64_microsoft.windows.common-controls_6595b64144ccf1df_6.0.19041.1110_none_60b5254171f9507e;C:\Program Files\Java\jdk-17.0.1\bin\server;C:\WINDOWS\System32\DriverStore\FileRepository\u0366969.inf_amd64_ac17bf5df0cf21d8\B367016

VM Arguments:
jvm_args: -Dfile.encoding=UTF-8 --module-path=E:\Data\UNIKOM\SEMESTER 2\Pemrograman Beroreintasi Objek\Tugas Besar PraUAS\Cinemas\build\classes 
java_command: co.gararetech.cinemas.view.DashboardView
java_class_path (initial): E:\Data\UNIKOM\SEMESTER 2\Pemrograman Beroreintasi Objek\Tugas Besar PraUAS\Cinemas\lib\JTattoo-1.6.13.jar;E:\Data\UNIKOM\SEMESTER 2\Pemrograman Beroreintasi Objek\Tugas Besar PraUAS\Cinemas\lib\json-20220320.jar;E:\Data\Program Files (x86)\NetBeans-14\netbeans\java\modules\ext\AbsoluteLayout.jar;E:\Data\UNIKOM\SEMESTER 2\Pemrograman Beroreintasi Objek\Tugas Besar PraUAS\Cinemas\build\classes
Launcher Type: SUN_STANDARD

[Global flags]
     intx CICompilerCount                          = 3                                         {product} {ergonomic}
     uint ConcGCThreads                            = 1                                         {product} {ergonomic}
     uint G1ConcRefinementThreads                  = 4                                         {product} {ergonomic}
   size_t G1HeapRegionSize                         = 1048576                                   {product} {ergonomic}
    uintx GCDrainStackTargetSize                   = 64                                        {product} {ergonomic}
   size_t InitialHeapSize                          = 134217728                                 {product} {ergonomic}
   size_t MarkStackSize                            = 4194304                                   {product} {ergonomic}
   size_t MaxHeapSize                              = 2126512128                                {product} {ergonomic}
   size_t MaxNewSize                               = 1275068416                                {product} {ergonomic}
   size_t MinHeapDeltaBytes                        = 1048576                                   {product} {ergonomic}
   size_t MinHeapSize                              = 8388608                                   {product} {ergonomic}
    uintx NonNMethodCodeHeapSize                   = 5832780                                {pd product} {ergonomic}
    uintx NonProfiledCodeHeapSize                  = 122912730                              {pd product} {ergonomic}
    uintx ProfiledCodeHeapSize                     = 122912730                              {pd product} {ergonomic}
    uintx ReservedCodeCacheSize                    = 251658240                              {pd product} {ergonomic}
     bool SegmentedCodeCache                       = true                                      {product} {ergonomic}
   size_t SoftMaxHeapSize                          = 2126512128                             {manageable} {ergonomic}
     bool UseCompressedClassPointers               = true                           {product lp64_product} {ergonomic}
     bool UseCompressedOops                        = true                           {product lp64_product} {ergonomic}
     bool UseG1GC                                  = true                                      {product} {ergonomic}
     bool UseLargePagesIndividualAllocation        = false                                  {pd product} {ergonomic}

Logging:
Log output configuration:
 #0: stdout all=warning uptime,level,tags
 #1: stderr all=off uptime,level,tags

Environment Variables:
JAVA_HOME=C:\Program Files\Java\jdk1.8.0_321
PATH=C:\Python27\;C:\Python27\Scripts;C:\Program Files\Java\jdk1.8.0_321\bin;C:\Program Files (x86)\Common Files\Intel\Shared Libraries\redist\intel64\compiler;C:\Program Files\Common Files\Oracle\Java\javapath;C:\Program Files (x86)\Common Files\Oracle\Java\javapath;C:\xampp\php;C:\Windows\system32;C:\Windows;C:\Windows\System32\Wbem;C:\Windows\System32\WindowsPowerShell\v1.0\;C:\Windows\System32\OpenSSH\;C:\Program Files (x86)\NVIDIA Corporation\PhysX\Common;C:\ProgramData\chocolatey\bin;C:\Program Files\Git\cmd;C:\WINDOWS\system32;C:\WINDOWS;C:\WINDOWS\System32\Wbem;C:\WINDOWS\System32\WindowsPowerShell\v1.0\;C:\WINDOWS\System32\OpenSSH\;C:\Program Files\Docker\Docker\resources\bin;C:\ProgramData\DockerDesktop\version-bin;C:\Program Files (x86)\Yarn\bin\;C:\ProgramData\ComposerSetup\bin;C:\Users\user\AppData\Local\Microsoft\WindowsApps;C:\Users\user\AppData\Local\Programs\Microsoft VS Code\bin;C:\Users\user\AppData\Local\Programs\Python\Python310;C:\Users\user\AppData\Roaming\npm;C:\Program Files\heroku\bin;C:\Users\user\AppData\Local\Program;C:\Program Files\Git LFS;C:\Program Files\GitHub CLI\;C:\Program Files\nodejs\;C:\Program Files (x86)\GTK2-Runtime\bin;C:\Users\user\AppData\Local\Microsoft\WindowsApps;C:\Users\user\AppData\Local\Programs\Microsoft VS Code\bin;C:\Users\user\AppData\Local\Programs\Python\Python310;C:\Program Files\heroku\bin;C:\Users\user\AppData\Local\Programs\Python\Python310\Scripts;C:\Users\user\AppData\Local\Yarn\bin;C:\Program Files (x86)\Nmap;C:\Users\user\AppData\Roaming\Composer\vendor\bin;C:\xampp\php;C:\Program Files (x86)\mitmproxy\bin;C:\Users\user\Documents\flutter\bin;C:\Users\user\Documents\Android\bin;C:\Users\user\AppData\Roaming\npm;C:\libjpeg-turbo64\bin;C:\ProgramData\chocolatey\bin\;E:\Data\JavaProject\Android Package Reverse\dex2jar-2.0;
USERNAME=user
OS=Windows_NT
PROCESSOR_IDENTIFIER=Intel64 Family 6 Model 60 Stepping 3, GenuineIntel



---------------  S Y S T E M  ---------------

OS:
 Windows 10 , 64 bit Build 19041 (10.0.19041.1806)
OS uptime: 0 days 1:22 hours
Hyper-V role detected

CPU: total 4 (initial active 4) (4 cores per cpu, 1 threads per core) family 6 model 60 stepping 3 microcode 0x27, cx8, cmov, fxsr, mmx, sse, sse2, sse3, ssse3, sse4.1, sse4.2, popcnt, lzcnt, tsc, tscinvbit, avx, avx2, aes, erms, clmul, bmi1, bmi2, fma, vzeroupper, clflush, hv

Memory: 4k page, system-wide physical 8111M (954M free)
TotalPageFile size 12032M (AvailPageFile size 3M)
current process WorkingSet (physical memory assigned to process): 168M, peak: 168M
current process commit charge ("private bytes"): 272M, peak: 273M

vm_info: Java HotSpot(TM) 64-Bit Server VM (17.0.1+12-LTS-39) for windows-amd64 JRE (17.0.1+12-LTS-39), built on Sep 27 2021 18:41:35 by "mach5one" with MS VC++ 16.8 (VS2019)

END.
