#
# There is insufficient memory for the Java Runtime Environment to continue.
# Native memory allocation (malloc) failed to allocate 695744 bytes for Chunk::new
# Possible reasons:
#   The system is out of physical RAM or swap space
#   The process is running with CompressedOops enabled, and the Java Heap may be blocking the growth of the native heap
# Possible solutions:
#   Reduce memory load on the system
#   Increase physical memory or swap space
#   Check if swap backing store is full
#   Decrease Java heap size (-Xmx/-Xms)
#   Decrease number of Java threads
#   Decrease Java thread stack sizes (-Xss)
#   Set larger code cache with -XX:ReservedCodeCacheSize=
#   JVM is running with Unscaled Compressed Oops mode in which the Java heap is
#     placed in the first 4GB address space. The Java Heap base address is the
#     maximum limit for the native heap growth. Please use -XX:HeapBaseMinAddress
#     to set the Java Heap base and to place the Java Heap above 4GB virtual address.
# This output file may be truncated or incomplete.
#
#  Out of Memory Error (arena.cpp:189), pid=21484, tid=10092
#
# JRE version: Java(TM) SE Runtime Environment (17.0.1+12) (build 17.0.1+12-LTS-39)
# Java VM: Java HotSpot(TM) 64-Bit Server VM (17.0.1+12-LTS-39, mixed mode, sharing, tiered, compressed oops, compressed class ptrs, g1 gc, windows-amd64)
# No core dump will be written. Minidumps are not enabled by default on client versions of Windows
#

---------------  S U M M A R Y ------------

Command Line: -Dfile.encoding=UTF-8 co.gararetech.cinemas.view.SplashScreenView

Host: Intel(R) Core(TM) i5-4590 CPU @ 3.30GHz, 4 cores, 7G,  Windows 10 , 64 bit Build 19041 (10.0.19041.1806)
Time: Thu Aug  4 14:52:37 2022 SE Asia Standard Time elapsed time: 5.420443 seconds (0d 0h 0m 5s)

---------------  T H R E A D  ---------------

Current thread (0x00000200d2fb1040):  JavaThread "C2 CompilerThread1" daemon [_thread_in_native, id=10092, stack(0x000000a5a7400000,0x000000a5a7500000)]


Current CompileTask:
C2:   5420 1760       4       java.util.jar.JarFile::getEntry (35 bytes)

Stack: [0x000000a5a7400000,0x000000a5a7500000]
Native frames: (J=compiled Java code, j=interpreted, Vv=VM code, C=native code)
V  [jvm.dll+0x66fa1a]
V  [jvm.dll+0x7ce5a4]
V  [jvm.dll+0x7cfd4e]
V  [jvm.dll+0x7d03b3]
V  [jvm.dll+0x242b05]
V  [jvm.dll+0xaa05b]
V  [jvm.dll+0xaa5ec]
V  [jvm.dll+0x35fa07]
V  [jvm.dll+0x1b9732]
V  [jvm.dll+0x215d49]
V  [jvm.dll+0x215011]
V  [jvm.dll+0x1a168d]
V  [jvm.dll+0x224848]
V  [jvm.dll+0x2229ac]
V  [jvm.dll+0x78435b]
V  [jvm.dll+0x77e91a]
V  [jvm.dll+0x66e845]
C  [ucrtbase.dll+0x21bb2]
C  [KERNEL32.DLL+0x17034]
C  [ntdll.dll+0x52651]


---------------  P R O C E S S  ---------------

Threads class SMR info:
_java_thread_list=0x00000200d85607d0, length=22, elements={
0x00000200d1a16da0, 0x00000200d1a17b20, 0x00000200d1a26ea0, 0x00000200d1a28770,
0x00000200d1a29030, 0x00000200d1a298f0, 0x00000200d1a2da90, 0x00000200d1a36450,
0x00000200d1a3b160, 0x00000200d249bf40, 0x00000200d24ac6c0, 0x00000200d296c7d0,
0x00000200d29ba010, 0x00000200d29ba4e0, 0x00000200d2a14020, 0x00000200b4226e60,
0x00000200d2cc7950, 0x00000200d2cc7e20, 0x00000200d2cc4460, 0x00000200d2cc6fb0,
0x00000200d2fb1040, 0x00000200d2cc4930
}

Java Threads: ( => current thread )
  0x00000200d1a16da0 JavaThread "Reference Handler" daemon [_thread_blocked, id=16236, stack(0x000000a5a5100000,0x000000a5a5200000)]
  0x00000200d1a17b20 JavaThread "Finalizer" daemon [_thread_blocked, id=18780, stack(0x000000a5a5200000,0x000000a5a5300000)]
  0x00000200d1a26ea0 JavaThread "Signal Dispatcher" daemon [_thread_blocked, id=1476, stack(0x000000a5a5300000,0x000000a5a5400000)]
  0x00000200d1a28770 JavaThread "Attach Listener" daemon [_thread_blocked, id=4804, stack(0x000000a5a5400000,0x000000a5a5500000)]
  0x00000200d1a29030 JavaThread "Service Thread" daemon [_thread_blocked, id=18448, stack(0x000000a5a5500000,0x000000a5a5600000)]
  0x00000200d1a298f0 JavaThread "Monitor Deflation Thread" daemon [_thread_blocked, id=1700, stack(0x000000a5a5600000,0x000000a5a5700000)]
  0x00000200d1a2da90 JavaThread "C2 CompilerThread0" daemon [_thread_in_native, id=21032, stack(0x000000a5a5700000,0x000000a5a5800000)]
  0x00000200d1a36450 JavaThread "C1 CompilerThread0" daemon [_thread_in_native, id=14788, stack(0x000000a5a5800000,0x000000a5a5900000)]
  0x00000200d1a3b160 JavaThread "Sweeper thread" daemon [_thread_blocked, id=8712, stack(0x000000a5a5900000,0x000000a5a5a00000)]
  0x00000200d249bf40 JavaThread "Notification Thread" daemon [_thread_blocked, id=8492, stack(0x000000a5a5a00000,0x000000a5a5b00000)]
  0x00000200d24ac6c0 JavaThread "Common-Cleaner" daemon [_thread_blocked, id=14092, stack(0x000000a5a5c00000,0x000000a5a5d00000)]
  0x00000200d296c7d0 JavaThread "Java2D Disposer" daemon [_thread_blocked, id=16096, stack(0x000000a5a5d00000,0x000000a5a5e00000)]
  0x00000200d29ba010 JavaThread "AWT-Shutdown" [_thread_blocked, id=8316, stack(0x000000a5a5e00000,0x000000a5a5f00000)]
  0x00000200d29ba4e0 JavaThread "AWT-Windows" daemon [_thread_in_native, id=18128, stack(0x000000a5a5f00000,0x000000a5a6000000)]
  0x00000200d2a14020 JavaThread "AWT-EventQueue-0" [_thread_in_native, id=13820, stack(0x000000a5a6000000,0x000000a5a6100000)]
  0x00000200b4226e60 JavaThread "DestroyJavaVM" [_thread_blocked, id=1808, stack(0x000000a5a4a00000,0x000000a5a4b00000)]
  0x00000200d2cc7950 JavaThread "Image Fetcher 0" daemon [_thread_blocked, id=19836, stack(0x000000a5a6900000,0x000000a5a6a00000)]
  0x00000200d2cc7e20 JavaThread "D3D Screen Updater" daemon [_thread_blocked, id=60, stack(0x000000a5a6e00000,0x000000a5a6f00000)]
  0x00000200d2cc4460 JavaThread "TimerQueue" daemon [_thread_blocked, id=16864, stack(0x000000a5a7000000,0x000000a5a7100000)]
  0x00000200d2cc6fb0 JavaThread "Thread-0" [_thread_in_Java, id=6400, stack(0x000000a5a7100000,0x000000a5a7200000)]
=>0x00000200d2fb1040 JavaThread "C2 CompilerThread1" daemon [_thread_in_native, id=10092, stack(0x000000a5a7400000,0x000000a5a7500000)]
  0x00000200d2cc4930 JavaThread "Image Fetcher 1" daemon [_thread_blocked, id=15780, stack(0x000000a5a7500000,0x000000a5a7600000)]

Other Threads:
  0x00000200d1a10280 VMThread "VM Thread" [stack: 0x000000a5a5000000,0x000000a5a5100000] [id=17456]
  0x00000200b4286d70 WatcherThread [stack: 0x000000a5a5b00000,0x000000a5a5c00000] [id=9812]
  0x00000200b4265f80 GCTaskThread "GC Thread#0" [stack: 0x000000a5a4b00000,0x000000a5a4c00000] [id=4704]
  0x00000200d8299bc0 GCTaskThread "GC Thread#1" [stack: 0x000000a5a6a00000,0x000000a5a6b00000] [id=8956]
  0x00000200d8299e70 GCTaskThread "GC Thread#2" [stack: 0x000000a5a6b00000,0x000000a5a6c00000] [id=21300]
  0x00000200d829c130 GCTaskThread "GC Thread#3" [stack: 0x000000a5a6c00000,0x000000a5a6d00000] [id=20044]
  0x00000200b4277b60 ConcurrentGCThread "G1 Main Marker" [stack: 0x000000a5a4c00000,0x000000a5a4d00000] [id=21304]
  0x00000200b4278c20 ConcurrentGCThread "G1 Conc#0" [stack: 0x000000a5a4d00000,0x000000a5a4e00000] [id=1856]
  0x00000200b42f2ad0 ConcurrentGCThread "G1 Refine#0" [stack: 0x000000a5a4e00000,0x000000a5a4f00000] [id=21060]
  0x00000200d829e720 ConcurrentGCThread "G1 Refine#1" [stack: 0x000000a5a6d00000,0x000000a5a6e00000] [id=10724]
  0x00000200b42f3400 ConcurrentGCThread "G1 Service" [stack: 0x000000a5a4f00000,0x000000a5a5000000] [id=7700]

Threads with active compile tasks:
C2 CompilerThread0     5458 1795 % !   4       sun.awt.image.PNGImageDecoder::produceImage @ 960 (1917 bytes)
C1 CompilerThread0     5458 1813   !   3       java.awt.DefaultKeyboardFocusManager::dispatchEvent (1621 bytes)
C2 CompilerThread1     5459 1760       4       java.util.jar.JarFile::getEntry (35 bytes)

VM state: not at safepoint (normal execution)

VM Mutex/Monitor currently owned by a thread: None

Heap address: 0x0000000081400000, size: 2028 MB, Compressed Oops mode: 32-bit

CDS archive(s) mapped at: [0x0000000800000000-0x0000000800bc0000-0x0000000800bc0000), size 12320768, SharedBaseAddress: 0x0000000800000000, ArchiveRelocationMode: 0.
Compressed class space mapped at: 0x0000000800c00000-0x0000000840c00000, reserved size: 1073741824
Narrow klass base: 0x0000000800000000, Narrow klass shift: 0, Narrow klass range: 0x100000000

GC Precious Log:
 CPUs: 4 total, 4 available
 Memory: 8111M
 Large Page Support: Disabled
 NUMA Support: Disabled
 Compressed Oops: Enabled (32-bit)
 Heap Region Size: 1M
 Heap Min Capacity: 8M
 Heap Initial Capacity: 128M
 Heap Max Capacity: 2028M
 Pre-touch: Disabled
 Parallel Workers: 4
 Concurrent Workers: 1
 Concurrent Refinement Workers: 4
 Periodic GC: Disabled

Heap:
 garbage-first heap   total 131072K, used 16258K [0x0000000081400000, 0x0000000100000000)
  region size 1024K, 10 young (10240K), 1 survivors (1024K)
 Metaspace       used 15671K, committed 15808K, reserved 1064960K
  class space    used 1784K, committed 1856K, reserved 1048576K

Heap Regions: E=young(eden), S=young(survivor), O=old, HS=humongous(starts), HC=humongous(continues), CS=collection set, F=free, OA=open archive, CA=closed archive, TAMS=top-at-mark-start (previous, next)
|   0|0x0000000081400000, 0x0000000081500000, 0x0000000081500000|100%|HS|  |TAMS 0x0000000081400000, 0x0000000081400000| Complete 
|   1|0x0000000081500000, 0x0000000081600000, 0x0000000081600000|100%|HC|  |TAMS 0x0000000081500000, 0x0000000081500000| Complete 
|   2|0x0000000081600000, 0x0000000081700000, 0x0000000081700000|100%| O|  |TAMS 0x0000000081600000, 0x0000000081600000| Untracked 
|   3|0x0000000081700000, 0x0000000081800000, 0x0000000081800000|100%| O|  |TAMS 0x0000000081700000, 0x0000000081700000| Untracked 
|   4|0x0000000081800000, 0x0000000081900000, 0x0000000081900000|100%| O|  |TAMS 0x0000000081800000, 0x0000000081800000| Untracked 
|   5|0x0000000081900000, 0x0000000081a00000, 0x0000000081a00000|100%| O|  |TAMS 0x0000000081900000, 0x0000000081900000| Untracked 
|   6|0x0000000081a00000, 0x0000000081ae0a00, 0x0000000081b00000| 87%| O|  |TAMS 0x0000000081a00000, 0x0000000081a00000| Untracked 
|   7|0x0000000081b00000, 0x0000000081b00000, 0x0000000081c00000|  0%| F|  |TAMS 0x0000000081b00000, 0x0000000081b00000| Untracked 
|   8|0x0000000081c00000, 0x0000000081c00000, 0x0000000081d00000|  0%| F|  |TAMS 0x0000000081c00000, 0x0000000081c00000| Untracked 
|   9|0x0000000081d00000, 0x0000000081d00000, 0x0000000081e00000|  0%| F|  |TAMS 0x0000000081d00000, 0x0000000081d00000| Untracked 
|  10|0x0000000081e00000, 0x0000000081e00000, 0x0000000081f00000|  0%| F|  |TAMS 0x0000000081e00000, 0x0000000081e00000| Untracked 
|  11|0x0000000081f00000, 0x0000000081f00000, 0x0000000082000000|  0%| F|  |TAMS 0x0000000081f00000, 0x0000000081f00000| Untracked 
|  12|0x0000000082000000, 0x0000000082000000, 0x0000000082100000|  0%| F|  |TAMS 0x0000000082000000, 0x0000000082000000| Untracked 
|  13|0x0000000082100000, 0x0000000082100000, 0x0000000082200000|  0%| F|  |TAMS 0x0000000082100000, 0x0000000082100000| Untracked 
|  14|0x0000000082200000, 0x0000000082200000, 0x0000000082300000|  0%| F|  |TAMS 0x0000000082200000, 0x0000000082200000| Untracked 
|  15|0x0000000082300000, 0x0000000082300000, 0x0000000082400000|  0%| F|  |TAMS 0x0000000082300000, 0x0000000082300000| Untracked 
|  16|0x0000000082400000, 0x0000000082400000, 0x0000000082500000|  0%| F|  |TAMS 0x0000000082400000, 0x0000000082400000| Untracked 
|  17|0x0000000082500000, 0x0000000082500000, 0x0000000082600000|  0%| F|  |TAMS 0x0000000082500000, 0x0000000082500000| Untracked 
|  18|0x0000000082600000, 0x0000000082600000, 0x0000000082700000|  0%| F|  |TAMS 0x0000000082600000, 0x0000000082600000| Untracked 
|  19|0x0000000082700000, 0x0000000082700000, 0x0000000082800000|  0%| F|  |TAMS 0x0000000082700000, 0x0000000082700000| Untracked 
|  20|0x0000000082800000, 0x0000000082800000, 0x0000000082900000|  0%| F|  |TAMS 0x0000000082800000, 0x0000000082800000| Untracked 
|  21|0x0000000082900000, 0x0000000082900000, 0x0000000082a00000|  0%| F|  |TAMS 0x0000000082900000, 0x0000000082900000| Untracked 
|  22|0x0000000082a00000, 0x0000000082a00000, 0x0000000082b00000|  0%| F|  |TAMS 0x0000000082a00000, 0x0000000082a00000| Untracked 
|  23|0x0000000082b00000, 0x0000000082b00000, 0x0000000082c00000|  0%| F|  |TAMS 0x0000000082b00000, 0x0000000082b00000| Untracked 
|  24|0x0000000082c00000, 0x0000000082c00000, 0x0000000082d00000|  0%| F|  |TAMS 0x0000000082c00000, 0x0000000082c00000| Untracked 
|  25|0x0000000082d00000, 0x0000000082d00000, 0x0000000082e00000|  0%| F|  |TAMS 0x0000000082d00000, 0x0000000082d00000| Untracked 
|  26|0x0000000082e00000, 0x0000000082e00000, 0x0000000082f00000|  0%| F|  |TAMS 0x0000000082e00000, 0x0000000082e00000| Untracked 
|  27|0x0000000082f00000, 0x0000000082f00000, 0x0000000083000000|  0%| F|  |TAMS 0x0000000082f00000, 0x0000000082f00000| Untracked 
|  28|0x0000000083000000, 0x0000000083000000, 0x0000000083100000|  0%| F|  |TAMS 0x0000000083000000, 0x0000000083000000| Untracked 
|  29|0x0000000083100000, 0x0000000083100000, 0x0000000083200000|  0%| F|  |TAMS 0x0000000083100000, 0x0000000083100000| Untracked 
|  30|0x0000000083200000, 0x0000000083200000, 0x0000000083300000|  0%| F|  |TAMS 0x0000000083200000, 0x0000000083200000| Untracked 
|  31|0x0000000083300000, 0x0000000083300000, 0x0000000083400000|  0%| F|  |TAMS 0x0000000083300000, 0x0000000083300000| Untracked 
|  32|0x0000000083400000, 0x0000000083400000, 0x0000000083500000|  0%| F|  |TAMS 0x0000000083400000, 0x0000000083400000| Untracked 
|  33|0x0000000083500000, 0x0000000083500000, 0x0000000083600000|  0%| F|  |TAMS 0x0000000083500000, 0x0000000083500000| Untracked 
|  34|0x0000000083600000, 0x0000000083600000, 0x0000000083700000|  0%| F|  |TAMS 0x0000000083600000, 0x0000000083600000| Untracked 
|  35|0x0000000083700000, 0x0000000083700000, 0x0000000083800000|  0%| F|  |TAMS 0x0000000083700000, 0x0000000083700000| Untracked 
|  36|0x0000000083800000, 0x0000000083800000, 0x0000000083900000|  0%| F|  |TAMS 0x0000000083800000, 0x0000000083800000| Untracked 
|  37|0x0000000083900000, 0x0000000083900000, 0x0000000083a00000|  0%| F|  |TAMS 0x0000000083900000, 0x0000000083900000| Untracked 
|  38|0x0000000083a00000, 0x0000000083a00000, 0x0000000083b00000|  0%| F|  |TAMS 0x0000000083a00000, 0x0000000083a00000| Untracked 
|  39|0x0000000083b00000, 0x0000000083b00000, 0x0000000083c00000|  0%| F|  |TAMS 0x0000000083b00000, 0x0000000083b00000| Untracked 
|  40|0x0000000083c00000, 0x0000000083c00000, 0x0000000083d00000|  0%| F|  |TAMS 0x0000000083c00000, 0x0000000083c00000| Untracked 
|  41|0x0000000083d00000, 0x0000000083d00000, 0x0000000083e00000|  0%| F|  |TAMS 0x0000000083d00000, 0x0000000083d00000| Untracked 
|  42|0x0000000083e00000, 0x0000000083e00000, 0x0000000083f00000|  0%| F|  |TAMS 0x0000000083e00000, 0x0000000083e00000| Untracked 
|  43|0x0000000083f00000, 0x0000000083f00000, 0x0000000084000000|  0%| F|  |TAMS 0x0000000083f00000, 0x0000000083f00000| Untracked 
|  44|0x0000000084000000, 0x0000000084000000, 0x0000000084100000|  0%| F|  |TAMS 0x0000000084000000, 0x0000000084000000| Untracked 
|  45|0x0000000084100000, 0x0000000084100000, 0x0000000084200000|  0%| F|  |TAMS 0x0000000084100000, 0x0000000084100000| Untracked 
|  46|0x0000000084200000, 0x0000000084200000, 0x0000000084300000|  0%| F|  |TAMS 0x0000000084200000, 0x0000000084200000| Untracked 
|  47|0x0000000084300000, 0x0000000084300000, 0x0000000084400000|  0%| F|  |TAMS 0x0000000084300000, 0x0000000084300000| Untracked 
|  48|0x0000000084400000, 0x0000000084400000, 0x0000000084500000|  0%| F|  |TAMS 0x0000000084400000, 0x0000000084400000| Untracked 
|  49|0x0000000084500000, 0x0000000084500000, 0x0000000084600000|  0%| F|  |TAMS 0x0000000084500000, 0x0000000084500000| Untracked 
|  50|0x0000000084600000, 0x0000000084600000, 0x0000000084700000|  0%| F|  |TAMS 0x0000000084600000, 0x0000000084600000| Untracked 
|  51|0x0000000084700000, 0x0000000084700000, 0x0000000084800000|  0%| F|  |TAMS 0x0000000084700000, 0x0000000084700000| Untracked 
|  52|0x0000000084800000, 0x0000000084800000, 0x0000000084900000|  0%| F|  |TAMS 0x0000000084800000, 0x0000000084800000| Untracked 
|  53|0x0000000084900000, 0x0000000084900000, 0x0000000084a00000|  0%| F|  |TAMS 0x0000000084900000, 0x0000000084900000| Untracked 
|  54|0x0000000084a00000, 0x0000000084a00000, 0x0000000084b00000|  0%| F|  |TAMS 0x0000000084a00000, 0x0000000084a00000| Untracked 
|  55|0x0000000084b00000, 0x0000000084b00000, 0x0000000084c00000|  0%| F|  |TAMS 0x0000000084b00000, 0x0000000084b00000| Untracked 
|  56|0x0000000084c00000, 0x0000000084c00000, 0x0000000084d00000|  0%| F|  |TAMS 0x0000000084c00000, 0x0000000084c00000| Untracked 
|  57|0x0000000084d00000, 0x0000000084d00000, 0x0000000084e00000|  0%| F|  |TAMS 0x0000000084d00000, 0x0000000084d00000| Untracked 
|  58|0x0000000084e00000, 0x0000000084e00000, 0x0000000084f00000|  0%| F|  |TAMS 0x0000000084e00000, 0x0000000084e00000| Untracked 
|  59|0x0000000084f00000, 0x0000000084f00000, 0x0000000085000000|  0%| F|  |TAMS 0x0000000084f00000, 0x0000000084f00000| Untracked 
|  60|0x0000000085000000, 0x0000000085000000, 0x0000000085100000|  0%| F|  |TAMS 0x0000000085000000, 0x0000000085000000| Untracked 
|  61|0x0000000085100000, 0x0000000085100000, 0x0000000085200000|  0%| F|  |TAMS 0x0000000085100000, 0x0000000085100000| Untracked 
|  62|0x0000000085200000, 0x0000000085200000, 0x0000000085300000|  0%| F|  |TAMS 0x0000000085200000, 0x0000000085200000| Untracked 
|  63|0x0000000085300000, 0x0000000085300000, 0x0000000085400000|  0%| F|  |TAMS 0x0000000085300000, 0x0000000085300000| Untracked 
|  64|0x0000000085400000, 0x0000000085400000, 0x0000000085500000|  0%| F|  |TAMS 0x0000000085400000, 0x0000000085400000| Untracked 
|  65|0x0000000085500000, 0x0000000085500000, 0x0000000085600000|  0%| F|  |TAMS 0x0000000085500000, 0x0000000085500000| Untracked 
|  66|0x0000000085600000, 0x0000000085600000, 0x0000000085700000|  0%| F|  |TAMS 0x0000000085600000, 0x0000000085600000| Untracked 
|  67|0x0000000085700000, 0x0000000085700000, 0x0000000085800000|  0%| F|  |TAMS 0x0000000085700000, 0x0000000085700000| Untracked 
|  68|0x0000000085800000, 0x0000000085800000, 0x0000000085900000|  0%| F|  |TAMS 0x0000000085800000, 0x0000000085800000| Untracked 
|  69|0x0000000085900000, 0x0000000085900000, 0x0000000085a00000|  0%| F|  |TAMS 0x0000000085900000, 0x0000000085900000| Untracked 
|  70|0x0000000085a00000, 0x0000000085a00000, 0x0000000085b00000|  0%| F|  |TAMS 0x0000000085a00000, 0x0000000085a00000| Untracked 
|  71|0x0000000085b00000, 0x0000000085b00000, 0x0000000085c00000|  0%| F|  |TAMS 0x0000000085b00000, 0x0000000085b00000| Untracked 
|  72|0x0000000085c00000, 0x0000000085c00000, 0x0000000085d00000|  0%| F|  |TAMS 0x0000000085c00000, 0x0000000085c00000| Untracked 
|  73|0x0000000085d00000, 0x0000000085d00000, 0x0000000085e00000|  0%| F|  |TAMS 0x0000000085d00000, 0x0000000085d00000| Untracked 
|  74|0x0000000085e00000, 0x0000000085e00000, 0x0000000085f00000|  0%| F|  |TAMS 0x0000000085e00000, 0x0000000085e00000| Untracked 
|  75|0x0000000085f00000, 0x0000000085f00000, 0x0000000086000000|  0%| F|  |TAMS 0x0000000085f00000, 0x0000000085f00000| Untracked 
|  76|0x0000000086000000, 0x0000000086000000, 0x0000000086100000|  0%| F|  |TAMS 0x0000000086000000, 0x0000000086000000| Untracked 
|  77|0x0000000086100000, 0x0000000086100000, 0x0000000086200000|  0%| F|  |TAMS 0x0000000086100000, 0x0000000086100000| Untracked 
|  78|0x0000000086200000, 0x0000000086200000, 0x0000000086300000|  0%| F|  |TAMS 0x0000000086200000, 0x0000000086200000| Untracked 
|  79|0x0000000086300000, 0x0000000086300000, 0x0000000086400000|  0%| F|  |TAMS 0x0000000086300000, 0x0000000086300000| Untracked 
|  80|0x0000000086400000, 0x0000000086400000, 0x0000000086500000|  0%| F|  |TAMS 0x0000000086400000, 0x0000000086400000| Untracked 
|  81|0x0000000086500000, 0x0000000086500000, 0x0000000086600000|  0%| F|  |TAMS 0x0000000086500000, 0x0000000086500000| Untracked 
|  82|0x0000000086600000, 0x0000000086600000, 0x0000000086700000|  0%| F|  |TAMS 0x0000000086600000, 0x0000000086600000| Untracked 
|  83|0x0000000086700000, 0x0000000086700000, 0x0000000086800000|  0%| F|  |TAMS 0x0000000086700000, 0x0000000086700000| Untracked 
|  84|0x0000000086800000, 0x0000000086800000, 0x0000000086900000|  0%| F|  |TAMS 0x0000000086800000, 0x0000000086800000| Untracked 
|  85|0x0000000086900000, 0x0000000086900000, 0x0000000086a00000|  0%| F|  |TAMS 0x0000000086900000, 0x0000000086900000| Untracked 
|  86|0x0000000086a00000, 0x0000000086a00000, 0x0000000086b00000|  0%| F|  |TAMS 0x0000000086a00000, 0x0000000086a00000| Untracked 
|  87|0x0000000086b00000, 0x0000000086b00000, 0x0000000086c00000|  0%| F|  |TAMS 0x0000000086b00000, 0x0000000086b00000| Untracked 
|  88|0x0000000086c00000, 0x0000000086c00000, 0x0000000086d00000|  0%| F|  |TAMS 0x0000000086c00000, 0x0000000086c00000| Untracked 
|  89|0x0000000086d00000, 0x0000000086d00000, 0x0000000086e00000|  0%| F|  |TAMS 0x0000000086d00000, 0x0000000086d00000| Untracked 
|  90|0x0000000086e00000, 0x0000000086e00000, 0x0000000086f00000|  0%| F|  |TAMS 0x0000000086e00000, 0x0000000086e00000| Untracked 
|  91|0x0000000086f00000, 0x0000000086f00000, 0x0000000087000000|  0%| F|  |TAMS 0x0000000086f00000, 0x0000000086f00000| Untracked 
|  92|0x0000000087000000, 0x0000000087000000, 0x0000000087100000|  0%| F|  |TAMS 0x0000000087000000, 0x0000000087000000| Untracked 
|  93|0x0000000087100000, 0x0000000087100000, 0x0000000087200000|  0%| F|  |TAMS 0x0000000087100000, 0x0000000087100000| Untracked 
|  94|0x0000000087200000, 0x0000000087200000, 0x0000000087300000|  0%| F|  |TAMS 0x0000000087200000, 0x0000000087200000| Untracked 
|  95|0x0000000087300000, 0x0000000087300000, 0x0000000087400000|  0%| F|  |TAMS 0x0000000087300000, 0x0000000087300000| Untracked 
|  96|0x0000000087400000, 0x0000000087400000, 0x0000000087500000|  0%| F|  |TAMS 0x0000000087400000, 0x0000000087400000| Untracked 
|  97|0x0000000087500000, 0x0000000087500000, 0x0000000087600000|  0%| F|  |TAMS 0x0000000087500000, 0x0000000087500000| Untracked 
|  98|0x0000000087600000, 0x0000000087600000, 0x0000000087700000|  0%| F|  |TAMS 0x0000000087600000, 0x0000000087600000| Untracked 
|  99|0x0000000087700000, 0x0000000087700000, 0x0000000087800000|  0%| F|  |TAMS 0x0000000087700000, 0x0000000087700000| Untracked 
| 100|0x0000000087800000, 0x0000000087800000, 0x0000000087900000|  0%| F|  |TAMS 0x0000000087800000, 0x0000000087800000| Untracked 
| 101|0x0000000087900000, 0x0000000087900000, 0x0000000087a00000|  0%| F|  |TAMS 0x0000000087900000, 0x0000000087900000| Untracked 
| 102|0x0000000087a00000, 0x0000000087a00000, 0x0000000087b00000|  0%| F|  |TAMS 0x0000000087a00000, 0x0000000087a00000| Untracked 
| 103|0x0000000087b00000, 0x0000000087b00000, 0x0000000087c00000|  0%| F|  |TAMS 0x0000000087b00000, 0x0000000087b00000| Untracked 
| 104|0x0000000087c00000, 0x0000000087c00000, 0x0000000087d00000|  0%| F|  |TAMS 0x0000000087c00000, 0x0000000087c00000| Untracked 
| 105|0x0000000087d00000, 0x0000000087d00000, 0x0000000087e00000|  0%| F|  |TAMS 0x0000000087d00000, 0x0000000087d00000| Untracked 
| 106|0x0000000087e00000, 0x0000000087e00000, 0x0000000087f00000|  0%| F|  |TAMS 0x0000000087e00000, 0x0000000087e00000| Untracked 
| 107|0x0000000087f00000, 0x0000000087f00000, 0x0000000088000000|  0%| F|  |TAMS 0x0000000087f00000, 0x0000000087f00000| Untracked 
| 108|0x0000000088000000, 0x0000000088000000, 0x0000000088100000|  0%| F|  |TAMS 0x0000000088000000, 0x0000000088000000| Untracked 
| 109|0x0000000088100000, 0x0000000088100000, 0x0000000088200000|  0%| F|  |TAMS 0x0000000088100000, 0x0000000088100000| Untracked 
| 110|0x0000000088200000, 0x0000000088200000, 0x0000000088300000|  0%| F|  |TAMS 0x0000000088200000, 0x0000000088200000| Untracked 
| 111|0x0000000088300000, 0x0000000088300000, 0x0000000088400000|  0%| F|  |TAMS 0x0000000088300000, 0x0000000088300000| Untracked 
| 112|0x0000000088400000, 0x0000000088400000, 0x0000000088500000|  0%| F|  |TAMS 0x0000000088400000, 0x0000000088400000| Untracked 
| 113|0x0000000088500000, 0x0000000088500000, 0x0000000088600000|  0%| F|  |TAMS 0x0000000088500000, 0x0000000088500000| Untracked 
| 114|0x0000000088600000, 0x0000000088600000, 0x0000000088700000|  0%| F|  |TAMS 0x0000000088600000, 0x0000000088600000| Untracked 
| 115|0x0000000088700000, 0x0000000088700000, 0x0000000088800000|  0%| F|  |TAMS 0x0000000088700000, 0x0000000088700000| Untracked 
| 116|0x0000000088800000, 0x0000000088800000, 0x0000000088900000|  0%| F|  |TAMS 0x0000000088800000, 0x0000000088800000| Untracked 
| 117|0x0000000088900000, 0x0000000088900000, 0x0000000088a00000|  0%| F|  |TAMS 0x0000000088900000, 0x0000000088900000| Untracked 
| 118|0x0000000088a00000, 0x0000000088ab0cc0, 0x0000000088b00000| 69%| E|  |TAMS 0x0000000088a00000, 0x0000000088a00000| Complete 
| 119|0x0000000088b00000, 0x0000000088c00000, 0x0000000088c00000|100%| E|CS|TAMS 0x0000000088b00000, 0x0000000088b00000| Complete 
| 120|0x0000000088c00000, 0x0000000088d00000, 0x0000000088d00000|100%| E|CS|TAMS 0x0000000088c00000, 0x0000000088c00000| Complete 
| 121|0x0000000088d00000, 0x0000000088e00000, 0x0000000088e00000|100%| S|CS|TAMS 0x0000000088d00000, 0x0000000088d00000| Complete 
| 122|0x0000000088e00000, 0x0000000088f00000, 0x0000000088f00000|100%| E|CS|TAMS 0x0000000088e00000, 0x0000000088e00000| Complete 
| 123|0x0000000088f00000, 0x0000000089000000, 0x0000000089000000|100%| E|CS|TAMS 0x0000000088f00000, 0x0000000088f00000| Complete 
| 124|0x0000000089000000, 0x0000000089100000, 0x0000000089100000|100%| E|CS|TAMS 0x0000000089000000, 0x0000000089000000| Complete 
| 125|0x0000000089100000, 0x0000000089200000, 0x0000000089200000|100%| E|CS|TAMS 0x0000000089100000, 0x0000000089100000| Complete 
| 126|0x0000000089200000, 0x0000000089300000, 0x0000000089300000|100%| E|CS|TAMS 0x0000000089200000, 0x0000000089200000| Complete 
| 127|0x0000000089300000, 0x0000000089400000, 0x0000000089400000|100%| E|CS|TAMS 0x0000000089300000, 0x0000000089300000| Complete 

Card table byte_map: [0x00000200cae30000,0x00000200cb230000] _byte_map_base: 0x00000200caa26000

Marking Bits (Prev, Next): (CMBitMap*) 0x00000200b42674b0, (CMBitMap*) 0x00000200b42674f0
 Prev Bits: [0x00000200cb630000, 0x00000200cd5e0000)
 Next Bits: [0x00000200cd5e0000, 0x00000200cf590000)

Polling page: 0x00000200b21f0000

Metaspace:

Usage:
  Non-class:     13.57 MB used.
      Class:      1.74 MB used.
       Both:     15.32 MB used.

Virtual space:
  Non-class space:       16.00 MB reserved,      13.62 MB ( 85%) committed,  2 nodes.
      Class space:        1.00 GB reserved,       1.81 MB ( <1%) committed,  1 nodes.
             Both:        1.02 GB reserved,      15.44 MB (  1%) committed. 

Chunk freelists:
   Non-Class:  1.75 MB
       Class:  2.06 MB
        Both:  3.81 MB

MaxMetaspaceSize: unlimited
CompressedClassSpaceSize: 1.00 GB
Initial GC threshold: 21.00 MB
Current GC threshold: 21.00 MB
CDS: on
MetaspaceReclaimPolicy: balanced
 - commit_granule_bytes: 65536.
 - commit_granule_words: 8192.
 - virtual_space_node_default_size: 1048576.
 - enlarge_chunks_in_place: 1.
 - new_chunks_are_fully_committed: 0.
 - uncommit_free_chunks: 1.
 - use_allocation_guard: 0.
 - handle_deallocations: 1.


Internal statistics:

num_allocs_failed_limit: 0.
num_arena_births: 122.
num_arena_deaths: 0.
num_vsnodes_births: 3.
num_vsnodes_deaths: 0.
num_space_committed: 247.
num_space_uncommitted: 0.
num_chunks_returned_to_freelist: 0.
num_chunks_taken_from_freelist: 296.
num_chunk_merges: 0.
num_chunk_splits: 195.
num_chunks_enlarged: 130.
num_purges: 0.
num_inconsistent_stats: 0.

CodeHeap 'non-profiled nmethods': size=120000Kb used=486Kb max_used=486Kb free=119513Kb
 bounds [0x00000200c3500000, 0x00000200c3770000, 0x00000200caa30000]
CodeHeap 'profiled nmethods': size=120000Kb used=3583Kb max_used=3583Kb free=116416Kb
 bounds [0x00000200bbfd0000, 0x00000200bc350000, 0x00000200c3500000]
CodeHeap 'non-nmethods': size=5760Kb used=1371Kb max_used=1390Kb free=4388Kb
 bounds [0x00000200bba30000, 0x00000200bbca0000, 0x00000200bbfd0000]
 total_blobs=2526 nmethods=1808 adapters=630
 compilation: enabled
              stopped_count=0, restarted_count=0
 full_count=0

Compilation events (20 events):
Event: 5.397 Thread 0x00000200d1a36450 1800       3       javax.swing.JComponent::repaint (19 bytes)
Event: 5.398 Thread 0x00000200d1a36450 nmethod 1800 0x00000200bc349d10 code [0x00000200bc349f00, 0x00000200bc34a4b8]
Event: 5.398 Thread 0x00000200d1a36450 1801       3       javax.swing.RepaintManager::addDirtyRegion (37 bytes)
Event: 5.398 Thread 0x00000200d1a36450 nmethod 1801 0x00000200bc34a790 code [0x00000200bc34a960, 0x00000200bc34ac68]
Event: 5.406 Thread 0x00000200d1a36450 1803       3       java.util.logging.Logger::isLoggable (27 bytes)
Event: 5.406 Thread 0x00000200d1a36450 nmethod 1803 0x00000200bc34ae10 code [0x00000200bc34afc0, 0x00000200bc34b198]
Event: 5.407 Thread 0x00000200d1a36450 1804       3       sun.util.logging.internal.LoggingProviderImpl$JULWrapper::isLoggable (12 bytes)
Event: 5.407 Thread 0x00000200d1a36450 nmethod 1804 0x00000200bc34b290 code [0x00000200bc34b440, 0x00000200bc34b728]
Event: 5.407 Thread 0x00000200d1a36450 1805       3       sun.util.logging.internal.LoggingProviderImpl$JULWrapper::toJUL (40 bytes)
Event: 5.407 Thread 0x00000200d1a36450 nmethod 1805 0x00000200bc34b890 code [0x00000200bc34ba40, 0x00000200bc34bbf8]
Event: 5.408 Thread 0x00000200d1a36450 1806       3       java.lang.Integer::parseInt (300 bytes)
Event: 5.409 Thread 0x00000200d1a36450 nmethod 1806 0x00000200bc34bd10 code [0x00000200bc34c120, 0x00000200bc34da38]
Event: 5.409 Thread 0x00000200d1a36450 1807       3       java.nio.charset.CharsetDecoder::reset (11 bytes)
Event: 5.409 Thread 0x00000200d1a36450 nmethod 1807 0x00000200bc34e310 code [0x00000200bc34e4c0, 0x00000200bc34e6a8]
Event: 5.409 Thread 0x00000200d1a36450 1808       3       java.nio.charset.CharsetDecoder::implReset (1 bytes)
Event: 5.409 Thread 0x00000200d1a36450 nmethod 1808 0x00000200bc34e790 code [0x00000200bc34e920, 0x00000200bc34ea38]
Event: 5.410 Thread 0x00000200d1a36450 1809       3       java.util.Calendar::internalSet (8 bytes)
Event: 5.410 Thread 0x00000200d1a36450 nmethod 1809 0x00000200bc34eb10 code [0x00000200bc34eca0, 0x00000200bc34edd8]
Event: 5.417 Thread 0x00000200d1a36450 1810       3       java.awt.event.MouseMotionAdapter::mouseMoved (1 bytes)
Event: 5.417 Thread 0x00000200d1a36450 nmethod 1810 0x00000200bc34ee90 code [0x00000200bc34f020, 0x00000200bc34f138]

GC Heap History (4 events):
Event: 0.652 GC heap before
{Heap before GC invocations=0 (full 0):
 garbage-first heap   total 131072K, used 14336K [0x0000000081400000, 0x0000000100000000)
  region size 1024K, 13 young (13312K), 0 survivors (0K)
 Metaspace       used 9420K, committed 9728K, reserved 1064960K
  class space    used 1064K, committed 1216K, reserved 1048576K
}
Event: 0.656 GC heap after
{Heap after GC invocations=1 (full 0):
 garbage-first heap   total 131072K, used 6485K [0x0000000081400000, 0x0000000100000000)
  region size 1024K, 2 young (2048K), 2 survivors (2048K)
 Metaspace       used 9420K, committed 9728K, reserved 1064960K
  class space    used 1064K, committed 1216K, reserved 1048576K
}
Event: 5.203 GC heap before
{Heap before GC invocations=1 (full 0):
 garbage-first heap   total 131072K, used 12629K [0x0000000081400000, 0x0000000100000000)
  region size 1024K, 8 young (8192K), 2 survivors (2048K)
 Metaspace       used 12792K, committed 12992K, reserved 1064960K
  class space    used 1456K, committed 1536K, reserved 1048576K
}
Event: 5.206 GC heap after
{Heap after GC invocations=2 (full 0):
 garbage-first heap   total 131072K, used 8066K [0x0000000081400000, 0x0000000100000000)
  region size 1024K, 1 young (1024K), 1 survivors (1024K)
 Metaspace       used 12792K, committed 12992K, reserved 1064960K
  class space    used 1456K, committed 1536K, reserved 1048576K
}

Deoptimization events (20 events):
Event: 4.785 Thread 0x00000200d2a14020 Uncommon trap: trap_request=0xffffffde fr.pc=0x00000200c3520da4 relative=0x00000000000001a4
Event: 4.785 Thread 0x00000200d2a14020 Uncommon trap: reason=class_check action=maybe_recompile pc=0x00000200c3520da4 method=java.lang.String.equals(Ljava/lang/Object;)Z @ 8 c2
Event: 4.785 Thread 0x00000200d2a14020 DEOPT PACKING pc=0x00000200c3520da4 sp=0x000000a5a60fdd90
Event: 4.785 Thread 0x00000200d2a14020 DEOPT UNPACKING pc=0x00000200bba823a3 sp=0x000000a5a60fdd28 mode 2
Event: 5.057 Thread 0x00000200d2a14020 DEOPT PACKING pc=0x00000200bc282b88 sp=0x000000a5a60fd570
Event: 5.057 Thread 0x00000200d2a14020 DEOPT UNPACKING pc=0x00000200bba82b43 sp=0x000000a5a60fc920 mode 0
Event: 5.058 Thread 0x00000200d2a14020 DEOPT PACKING pc=0x00000200bc1d20c6 sp=0x000000a5a60fd470
Event: 5.058 Thread 0x00000200d2a14020 DEOPT UNPACKING pc=0x00000200bba82b43 sp=0x000000a5a60fc920 mode 0
Event: 5.059 Thread 0x00000200d2a14020 DEOPT PACKING pc=0x00000200bc1d20c6 sp=0x000000a5a60fd490
Event: 5.059 Thread 0x00000200d2a14020 DEOPT UNPACKING pc=0x00000200bba82b43 sp=0x000000a5a60fc940 mode 0
Event: 5.158 Thread 0x00000200d2a14020 Uncommon trap: trap_request=0xffffff45 fr.pc=0x00000200c355dad0 relative=0x00000000000007d0
Event: 5.158 Thread 0x00000200d2a14020 Uncommon trap: reason=unstable_if action=reinterpret pc=0x00000200c355dad0 method=java.awt.Container.findComponentAtImpl(IIZ)Ljava/awt/Component; @ 24 c2
Event: 5.158 Thread 0x00000200d2a14020 DEOPT PACKING pc=0x00000200c355dad0 sp=0x000000a5a60fd8e0
Event: 5.158 Thread 0x00000200d2a14020 DEOPT UNPACKING pc=0x00000200bba823a3 sp=0x000000a5a60fd880 mode 2
Event: 5.216 Thread 0x00000200d2cc6fb0 Uncommon trap: trap_request=0xffffff45 fr.pc=0x00000200c35350d8 relative=0x00000000000004b8
Event: 5.216 Thread 0x00000200d2cc6fb0 Uncommon trap: reason=unstable_if action=reinterpret pc=0x00000200c35350d8 method=java.lang.StringLatin1.newString([BII)Ljava/lang/String; @ 1 c2
Event: 5.216 Thread 0x00000200d2cc6fb0 DEOPT PACKING pc=0x00000200c35350d8 sp=0x000000a5a71fd720
Event: 5.216 Thread 0x00000200d2cc6fb0 DEOPT UNPACKING pc=0x00000200bba823a3 sp=0x000000a5a71fd680 mode 2
Event: 5.320 Thread 0x00000200d2cc6fb0 DEOPT PACKING pc=0x00000200bc0c8665 sp=0x000000a5a71fa380
Event: 5.320 Thread 0x00000200d2cc6fb0 DEOPT UNPACKING pc=0x00000200bba82b43 sp=0x000000a5a71f97d0 mode 0

Classes unloaded (0 events):
No events

Classes redefined (0 events):
No events

Internal exceptions (20 events):
Event: 0.274 Thread 0x00000200b4226e60 Exception <a 'java/lang/ClassNotFoundException'{0x0000000088e82010}: Button> (0x0000000088e82010) 
thrown [t:\workspace\open\src\hotspot\share\classfile\systemDictionary.cpp, line 256]
Event: 0.274 Thread 0x00000200b4226e60 Exception <a 'java/lang/ClassNotFoundException'{0x0000000088e824d8}: ToolBar> (0x0000000088e824d8) 
thrown [t:\workspace\open\src\hotspot\share\classfile\systemDictionary.cpp, line 256]
Event: 0.274 Thread 0x00000200b4226e60 Exception <a 'java/lang/ClassNotFoundException'{0x0000000088e82848}: ToggleButton> (0x0000000088e82848) 
thrown [t:\workspace\open\src\hotspot\share\classfile\systemDictionary.cpp, line 256]
Event: 0.274 Thread 0x00000200b4226e60 Exception <a 'java/lang/ClassNotFoundException'{0x0000000088e82c88}: javax/swing/JToolBarSeparator> (0x0000000088e82c88) 
thrown [t:\workspace\open\src\hotspot\share\classfile\systemDictionary.cpp, line 256]
Event: 0.274 Thread 0x00000200b4226e60 Exception <a 'java/lang/ClassNotFoundException'{0x0000000088e82f90}: ToolBarSeparator> (0x0000000088e82f90) 
thrown [t:\workspace\open\src\hotspot\share\classfile\systemDictionary.cpp, line 256]
Event: 0.274 Thread 0x00000200b4226e60 Exception <a 'java/lang/ClassNotFoundException'{0x0000000088e834a8}: ToolTip> (0x0000000088e834a8) 
thrown [t:\workspace\open\src\hotspot\share\classfile\systemDictionary.cpp, line 256]
Event: 0.275 Thread 0x00000200b4226e60 Exception <a 'java/lang/ClassNotFoundException'{0x0000000088e83df8}: Tree> (0x0000000088e83df8) 
thrown [t:\workspace\open\src\hotspot\share\classfile\systemDictionary.cpp, line 256]
Event: 0.275 Thread 0x00000200b4226e60 Exception <a 'java/lang/ClassNotFoundException'{0x0000000088e842f0}: Tree> (0x0000000088e842f0) 
thrown [t:\workspace\open\src\hotspot\share\classfile\systemDictionary.cpp, line 256]
Event: 0.275 Thread 0x00000200b4226e60 Exception <a 'java/lang/ClassNotFoundException'{0x0000000088e84660}: javax/swing/JTreeCell> (0x0000000088e84660) 
thrown [t:\workspace\open\src\hotspot\share\classfile\systemDictionary.cpp, line 256]
Event: 0.275 Thread 0x00000200b4226e60 Exception <a 'java/lang/ClassNotFoundException'{0x0000000088e84960}: TreeCell> (0x0000000088e84960) 
thrown [t:\workspace\open\src\hotspot\share\classfile\systemDictionary.cpp, line 256]
Event: 0.276 Thread 0x00000200b4226e60 Exception <a 'java/lang/ClassNotFoundException'{0x0000000088e85120}: RootPane> (0x0000000088e85120) 
thrown [t:\workspace\open\src\hotspot\share\classfile\systemDictionary.cpp, line 256]
Event: 0.277 Thread 0x00000200b4226e60 Exception <a 'java/lang/ClassNotFoundException'{0x0000000088e88200}: com/sun/swing/internal/plaf/metal/resources/spi/metalProvider> (0x0000000088e88200) 
thrown [t:\workspace\open\src\hotspot\share\classfile\systemDictionary.cpp, line 256]
Event: 0.278 Thread 0x00000200b4226e60 Exception <a 'java/lang/ClassNotFoundException'{0x0000000088e8be00}: com/sun/swing/internal/plaf/basic/resources/spi/basicProvider> (0x0000000088e8be00) 
thrown [t:\workspace\open\src\hotspot\share\classfile\systemDictionary.cpp, line 256]
Event: 0.394 Thread 0x00000200d2a14020 Exception <a 'java/lang/ClassNotFoundException'{0x0000000088d5a5b8}: com/sun/swing/internal/plaf/synth/resources/spi/synthProvider> (0x0000000088d5a5b8) 
thrown [t:\workspace\open\src\hotspot\share\classfile\systemDictionary.cpp, line 256]
Event: 0.414 Thread 0x00000200d2a14020 Exception <a 'java/io/FileNotFoundException'{0x0000000088de5f28}> (0x0000000088de5f28) 
thrown [t:\workspace\open\src\hotspot\share\prims\jni.cpp, line 516]
Event: 0.545 Thread 0x00000200d2cc7950 Exception <a 'java/lang/NoSuchMethodError'{0x0000000088900f20}: 'java.lang.Object java.lang.invoke.DirectMethodHandle$Holder.newInvokeSpecial(java.lang.Object, java.lang.Object, java.lang.Object, int, int, int, int, int)'> (0x0000000088900f20) 
thrown [t:\workspace\open\src\hotspot\share\interpreter\linkResolver.cpp, line 766]
Event: 0.611 Thread 0x00000200d2a14020 Exception <a 'java/lang/NoSuchMethodError'{0x0000000088b71148}: 'void java.lang.invoke.DirectMethodHandle$Holder.invokeStaticInit(java.lang.Object)'> (0x0000000088b71148) 
thrown [t:\workspace\open\src\hotspot\share\interpreter\linkResolver.cpp, line 766]
Event: 0.637 Thread 0x00000200d29ba4e0 Exception <a 'java/lang/NoSuchMethodError'{0x00000000890d7bc8}: 'void java.lang.invoke.DirectMethodHandle$Holder.invokeVirtual(java.lang.Object, java.lang.Object)'> (0x00000000890d7bc8) 
thrown [t:\workspace\open\src\hotspot\share\interpreter\linkResolver.cpp, line 766]
Event: 2.868 Thread 0x00000200d2a14020 Exception <a 'java/io/FileNotFoundException'{0x0000000089127300}> (0x0000000089127300) 
thrown [t:\workspace\open\src\hotspot\share\prims\jni.cpp, line 516]
Event: 2.872 Thread 0x00000200d2a14020 Exception <a 'java/io/FileNotFoundException'{0x0000000089147360}> (0x0000000089147360) 
thrown [t:\workspace\open\src\hotspot\share\prims\jni.cpp, line 516]

VM Operations (20 events):
Event: 0.717 Executing VM operation: HandshakeAllThreads
Event: 0.717 Executing VM operation: HandshakeAllThreads done
Event: 1.721 Executing VM operation: Cleanup
Event: 1.721 Executing VM operation: Cleanup done
Event: 2.777 Executing VM operation: HandshakeAllThreads
Event: 2.777 Executing VM operation: HandshakeAllThreads done
Event: 2.777 Executing VM operation: Cleanup
Event: 2.777 Executing VM operation: Cleanup done
Event: 3.777 Executing VM operation: Cleanup
Event: 3.777 Executing VM operation: Cleanup done
Event: 4.778 Executing VM operation: Cleanup
Event: 4.778 Executing VM operation: Cleanup done
Event: 5.203 Executing VM operation: G1CollectForAllocation
Event: 5.206 Executing VM operation: G1CollectForAllocation done
Event: 5.246 Executing VM operation: HandshakeAllThreads
Event: 5.246 Executing VM operation: HandshakeAllThreads done
Event: 5.298 Executing VM operation: HandshakeAllThreads
Event: 5.298 Executing VM operation: HandshakeAllThreads done
Event: 5.363 Executing VM operation: HandshakeAllThreads
Event: 5.363 Executing VM operation: HandshakeAllThreads done

Events (20 events):
Event: 5.359 loading class javax/swing/JScrollPane$ScrollBar done
Event: 5.359 loading class javax/swing/JScrollBar$ModelListener
Event: 5.359 loading class javax/swing/JScrollBar$ModelListener done
Event: 5.360 loading class javax/swing/plaf/basic/BasicArrowButton
Event: 5.361 loading class javax/swing/plaf/basic/BasicArrowButton done
Event: 5.361 loading class javax/swing/plaf/basic/BasicScrollBarUI$TrackListener
Event: 5.362 loading class javax/swing/plaf/basic/BasicScrollBarUI$TrackListener done
Event: 5.365 loading class javax/swing/plaf/basic/BasicScrollBarUI$ArrowButtonListener
Event: 5.366 loading class javax/swing/plaf/basic/BasicScrollBarUI$ArrowButtonListener done
Event: 5.366 loading class javax/swing/plaf/basic/BasicScrollBarUI$ModelListener
Event: 5.366 loading class javax/swing/plaf/basic/BasicScrollBarUI$ModelListener done
Event: 5.366 loading class javax/swing/plaf/basic/BasicScrollBarUI$Handler
Event: 5.366 loading class javax/swing/plaf/basic/BasicScrollBarUI$Handler done
Event: 5.366 loading class javax/swing/plaf/basic/BasicScrollBarUI$ScrollListener
Event: 5.366 loading class javax/swing/plaf/basic/BasicScrollBarUI$ScrollListener done
Event: 5.369 loading class javax/swing/plaf/basic/BasicScrollPaneUI$Handler
Event: 5.370 loading class javax/swing/plaf/basic/BasicScrollPaneUI$Handler done
Event: 5.374 loading class java/awt/event/ComponentAdapter
Event: 5.374 loading class java/awt/event/ComponentAdapter done
Event: 5.404 Thread 0x00000200d2cc4930 Thread added: 0x00000200d2cc4930


Dynamic libraries:
0x00007ff7fbec0000 - 0x00007ff7fbed0000 	C:\Program Files\Java\jdk-17.0.1\bin\java.exe
0x00007ffd32790000 - 0x00007ffd32988000 	C:\WINDOWS\SYSTEM32\ntdll.dll
0x00007ffd31510000 - 0x00007ffd315cd000 	C:\WINDOWS\System32\KERNEL32.DLL
0x00007ffd300b0000 - 0x00007ffd3037e000 	C:\WINDOWS\System32\KERNELBASE.dll
0x00007ffd306c0000 - 0x00007ffd307c0000 	C:\WINDOWS\System32\ucrtbase.dll
0x00007ffd20050000 - 0x00007ffd2006a000 	C:\Program Files\Java\jdk-17.0.1\bin\VCRUNTIME140.dll
0x00007ffd20e90000 - 0x00007ffd20ea8000 	C:\Program Files\Java\jdk-17.0.1\bin\jli.dll
0x00007ffd32610000 - 0x00007ffd326be000 	C:\WINDOWS\System32\ADVAPI32.dll
0x00007ffd32040000 - 0x00007ffd320de000 	C:\WINDOWS\System32\msvcrt.dll
0x00007ffd30fa0000 - 0x00007ffd3103c000 	C:\WINDOWS\System32\sechost.dll
0x00007ffd30a30000 - 0x00007ffd30b55000 	C:\WINDOWS\System32\RPCRT4.dll
0x00007ffd322c0000 - 0x00007ffd32460000 	C:\WINDOWS\System32\USER32.dll
0x00007ffd1a500000 - 0x00007ffd1a79a000 	C:\WINDOWS\WinSxS\amd64_microsoft.windows.common-controls_6595b64144ccf1df_6.0.19041.1110_none_60b5254171f9507e\COMCTL32.dll
0x00007ffd307c0000 - 0x00007ffd307e2000 	C:\WINDOWS\System32\win32u.dll
0x00007ffd31740000 - 0x00007ffd3176a000 	C:\WINDOWS\System32\GDI32.dll
0x00007ffd2feb0000 - 0x00007ffd2ffbb000 	C:\WINDOWS\System32\gdi32full.dll
0x00007ffd2ffc0000 - 0x00007ffd3005d000 	C:\WINDOWS\System32\msvcp_win.dll
0x00007ffd26c10000 - 0x00007ffd26c1a000 	C:\WINDOWS\SYSTEM32\VERSION.dll
0x00007ffd30b60000 - 0x00007ffd30b90000 	C:\WINDOWS\System32\IMM32.DLL
0x00007ffd28840000 - 0x00007ffd2884c000 	C:\Program Files\Java\jdk-17.0.1\bin\vcruntime140_1.dll
0x00007ffcfee00000 - 0x00007ffcfee8d000 	C:\Program Files\Java\jdk-17.0.1\bin\msvcp140.dll
0x00007ffcfbef0000 - 0x00007ffcfcaae000 	C:\Program Files\Java\jdk-17.0.1\bin\server\jvm.dll
0x00007ffd30f80000 - 0x00007ffd30f88000 	C:\WINDOWS\System32\PSAPI.DLL
0x00007ffd20040000 - 0x00007ffd20049000 	C:\WINDOWS\SYSTEM32\WSOCK32.dll
0x00007ffd250f0000 - 0x00007ffd25117000 	C:\WINDOWS\SYSTEM32\WINMM.dll
0x00007ffd30bb0000 - 0x00007ffd30c1b000 	C:\WINDOWS\System32\WS2_32.dll
0x00007ffd2dcb0000 - 0x00007ffd2dcc2000 	C:\WINDOWS\SYSTEM32\kernel.appcore.dll
0x00007ffd1fd80000 - 0x00007ffd1fd8a000 	C:\Program Files\Java\jdk-17.0.1\bin\jimage.dll
0x00007ffd26970000 - 0x00007ffd26b54000 	C:\WINDOWS\SYSTEM32\DBGHELP.DLL
0x00007ffd1c420000 - 0x00007ffd1c44c000 	C:\WINDOWS\SYSTEM32\dbgcore.DLL
0x00007ffd304d0000 - 0x00007ffd30552000 	C:\WINDOWS\System32\bcryptPrimitives.dll
0x00007ffd20010000 - 0x00007ffd20035000 	C:\Program Files\Java\jdk-17.0.1\bin\java.dll
0x00007ffcff020000 - 0x00007ffcff0f6000 	C:\Program Files\Java\jdk-17.0.1\bin\svml.dll
0x00007ffd31890000 - 0x00007ffd31fd4000 	C:\WINDOWS\System32\SHELL32.dll
0x00007ffd2df90000 - 0x00007ffd2e724000 	C:\WINDOWS\SYSTEM32\windows.storage.dll
0x00007ffd30c20000 - 0x00007ffd30f74000 	C:\WINDOWS\System32\combase.dll
0x00007ffd2f760000 - 0x00007ffd2f790000 	C:\WINDOWS\SYSTEM32\Wldp.dll
0x00007ffd30980000 - 0x00007ffd30a2d000 	C:\WINDOWS\System32\SHCORE.dll
0x00007ffd31fe0000 - 0x00007ffd32035000 	C:\WINDOWS\System32\shlwapi.dll
0x00007ffd2fdf0000 - 0x00007ffd2fe0f000 	C:\WINDOWS\SYSTEM32\profapi.dll
0x00007ffd1dc90000 - 0x00007ffd1dca9000 	C:\Program Files\Java\jdk-17.0.1\bin\net.dll
0x00007ffd290b0000 - 0x00007ffd291ba000 	C:\WINDOWS\SYSTEM32\WINHTTP.dll
0x00007ffd2f540000 - 0x00007ffd2f5aa000 	C:\WINDOWS\system32\mswsock.dll
0x00007ffd12380000 - 0x00007ffd12395000 	C:\Program Files\Java\jdk-17.0.1\bin\nio.dll
0x00007ffd0bde0000 - 0x00007ffd0bdf8000 	C:\Program Files\Java\jdk-17.0.1\bin\zip.dll
0x00007ffcfee90000 - 0x00007ffcff01f000 	C:\Program Files\Java\jdk-17.0.1\bin\awt.dll
0x00007ffd30850000 - 0x00007ffd3091d000 	C:\WINDOWS\System32\OLEAUT32.dll
0x00007ffd2d780000 - 0x00007ffd2d810000 	C:\WINDOWS\SYSTEM32\apphelp.dll
0x00007ffd2d8b0000 - 0x00007ffd2d94e000 	C:\WINDOWS\system32\uxtheme.dll
0x00007ffd31770000 - 0x00007ffd31885000 	C:\WINDOWS\System32\MSCTF.dll
0x00007ffd320e0000 - 0x00007ffd3220a000 	C:\WINDOWS\System32\ole32.dll
0x00007ffd2dc80000 - 0x00007ffd2dcaf000 	C:\WINDOWS\system32\DWMAPI.DLL
0x00007ffcfed70000 - 0x00007ffcfedf9000 	C:\Program Files\Java\jdk-17.0.1\bin\freetype.dll
0x00007ffcfecc0000 - 0x00007ffcfed68000 	C:\Program Files\Java\jdk-17.0.1\bin\fontmanager.dll
0x00007ffcf5110000 - 0x00007ffcf5237000 	C:\WINDOWS\system32\opengl32.dll
0x00007ffd283d0000 - 0x00007ffd283fc000 	C:\WINDOWS\SYSTEM32\GLU32.dll
0x00007ffcf6330000 - 0x00007ffcf64ff000 	C:\WINDOWS\system32\d3d9.dll
0x00007ffd24200000 - 0x00007ffd243db000 	C:\WINDOWS\System32\DriverStore\FileRepository\u0366969.inf_amd64_ac17bf5df0cf21d8\B367016\aticfx64.dll
0x00007ffd2c9d0000 - 0x00007ffd2ca03000 	C:\WINDOWS\System32\DriverStore\FileRepository\u0366969.inf_amd64_ac17bf5df0cf21d8\B367016\atiu9p64.dll
0x00007ffcf55d0000 - 0x00007ffcf632a000 	C:\WINDOWS\System32\DriverStore\FileRepository\u0366969.inf_amd64_ac17bf5df0cf21d8\B367016\atiumd64.dll
0x0000000067c40000 - 0x0000000068b0b000 	C:\WINDOWS\System32\DriverStore\FileRepository\u0366969.inf_amd64_ac17bf5df0cf21d8\B367016\atiumd6a.dll
0x00007ffd2fc70000 - 0x00007ffd2fcbb000 	C:\WINDOWS\SYSTEM32\POWRPROF.dll
0x00007ffd2fc50000 - 0x00007ffd2fc62000 	C:\WINDOWS\SYSTEM32\UMPDC.dll
0x00007ffd216b0000 - 0x00007ffd216e0000 	C:\WINDOWS\SYSTEM32\amdihk64.dll
0x00007ffd2a9b0000 - 0x00007ffd2a9eb000 	C:\WINDOWS\SYSTEM32\dxcore.dll
0x00007ffd30060000 - 0x00007ffd300ae000 	C:\WINDOWS\System32\cfgmgr32.dll
0x00007ffd28880000 - 0x00007ffd288ad000 	C:\Program Files\Java\jdk-17.0.1\bin\javajpeg.dll
0x00007ffd14630000 - 0x00007ffd14729000 	C:\WINDOWS\SYSTEM32\textinputframework.dll
0x00007ffd2d530000 - 0x00007ffd2d622000 	C:\WINDOWS\System32\CoreMessaging.dll
0x00007ffd2d1d0000 - 0x00007ffd2d52e000 	C:\WINDOWS\System32\CoreUIComponents.dll
0x00007ffd2cab0000 - 0x00007ffd2cc04000 	C:\WINDOWS\SYSTEM32\wintypes.dll
0x00007ffd2eb70000 - 0x00007ffd2eba3000 	C:\WINDOWS\SYSTEM32\ntmarta.dll
0x00007ffd32210000 - 0x00007ffd322b9000 	C:\WINDOWS\System32\clbcatq.dll
0x00007ffd28c40000 - 0x00007ffd28df4000 	C:\WINDOWS\SYSTEM32\WindowsCodecs.dll
0x00007ffd30380000 - 0x00007ffd303a7000 	C:\WINDOWS\System32\bcrypt.dll
0x00007ffd0f3d0000 - 0x00007ffd0f40e000 	C:\WINDOWS\system32\dataexchange.dll
0x00007ffd2bd00000 - 0x00007ffd2bf63000 	C:\WINDOWS\system32\d3d11.dll
0x00007ffd2cc10000 - 0x00007ffd2cdf4000 	C:\WINDOWS\system32\dcomp.dll
0x00007ffd2e770000 - 0x00007ffd2e863000 	C:\WINDOWS\system32\dxgi.dll
0x00007ffd293e0000 - 0x00007ffd295e0000 	C:\WINDOWS\system32\twinapi.appcore.dll

dbghelp: loaded successfully - version: 4.0.5 - missing functions: none
symbol engine: initialized successfully - sym options: 0x614 - pdb path: .;C:\Program Files\Java\jdk-17.0.1\bin;C:\WINDOWS\SYSTEM32;C:\WINDOWS\WinSxS\amd64_microsoft.windows.common-controls_6595b64144ccf1df_6.0.19041.1110_none_60b5254171f9507e;C:\Program Files\Java\jdk-17.0.1\bin\server;C:\WINDOWS\System32\DriverStore\FileRepository\u0366969.inf_amd64_ac17bf5df0cf21d8\B367016

VM Arguments:
jvm_args: -Dfile.encoding=UTF-8 
java_command: co.gararetech.cinemas.view.SplashScreenView
java_class_path (initial): E:\Data\UNIKOM\SEMESTER 2\Pemrograman Beroreintasi Objek\Tugas Besar PraUAS\Cinemas\lib\JTattoo-1.6.13.jar;E:\Data\UNIKOM\SEMESTER 2\Pemrograman Beroreintasi Objek\Tugas Besar PraUAS\Cinemas\lib\json-20220320.jar;E:\Data\Program Files (x86)\NetBeans-14\netbeans\java\modules\ext\AbsoluteLayout.jar;E:\Data\UNIKOM\SEMESTER 2\Pemrograman Beroreintasi Objek\Tugas Besar PraUAS\Cinemas\lib\mysql-connector-java-8.0.30.jar;E:\Data\UNIKOM\SEMESTER 2\Pemrograman Beroreintasi Objek\Tugas Besar PraUAS\Cinemas\lib\google-cloud-storage-2.10.0.jar;E:\Data\UNIKOM\SEMESTER 2\Pemrograman Beroreintasi Objek\Tugas Besar PraUAS\Cinemas\lib\google-auth-library-credentials-1.7.0.jar;E:\Data\UNIKOM\SEMESTER 2\Pemrograman Beroreintasi Objek\Tugas Besar PraUAS\Cinemas\lib\google-auth-library-oauth2-http-1.7.0.jar;E:\Data\UNIKOM\SEMESTER 2\Pemrograman Beroreintasi Objek\Tugas Besar PraUAS\Cinemas\lib\google-cloud-core-2.8.0.jar;E:\Data\UNIKOM\SEMESTER 2\Pemrograman Beroreintasi Objek\Tugas Besar PraUAS\Cinemas\lib\google-cloud-core-http-2.8.0.jar;E:\Data\UNIKOM\SEMESTER 2\Pemrograman Beroreintasi Objek\Tugas Besar PraUAS\Cinemas\lib\gax-2.18.2.jar;E:\Data\UNIKOM\SEMESTER 2\Pemrograman Beroreintasi Objek\Tugas Besar PraUAS\Cinemas\lib\gax-httpjson-0.103.2.jar;E:\Data\UNIKOM\SEMESTER 2\Pemrograman Beroreintasi Objek\Tugas Besar PraUAS\Cinemas\lib\api-common-2.2.1.jar;E:\Data\UNIKOM\SEMESTER 2\Pemrograman Beroreintasi Objek\Tugas Besar PraUAS\Cinemas\lib\auto-value-annotations-1.9.jar;E:\Data\UNIKOM\SEMESTER 2\Pemrograman Beroreintasi Objek\Tugas Besar PraUAS\Cinemas\lib\checker-qual-3.22.2.jar;E:\Data\UNIKOM\SEMESTER 2\Pemrograman Beroreintasi Objek\Tugas Besar PraUAS\Cinemas\lib\failureaccess-1.0.1.jar;E:\Data\UNIKOM\SEMESTER 2\Pemrograman Beroreintasi Objek\Tugas Besar PraUAS\Cinemas\lib\google-api-client-1.35.1.jar;E:\Data\UNIKOM\SEMESTER 2\Pemrograman Beroreintasi Objek\Tugas Besar PraUAS\Cinemas\lib\google-api-services-storage-v1-rev20220705-1.32.1.jar;E:\Data\U
Launcher Type: SUN_STANDARD

[Global flags]
     intx CICompilerCount                          = 3                                         {product} {ergonomic}
     uint ConcGCThreads                            = 1                                         {product} {ergonomic}
     uint G1ConcRefinementThreads                  = 4                                         {product} {ergonomic}
   size_t G1HeapRegionSize                         = 1048576                                   {product} {ergonomic}
    uintx GCDrainStackTargetSize                   = 64                                        {product} {ergonomic}
   size_t InitialHeapSize                          = 134217728                                 {product} {ergonomic}
   size_t MarkStackSize                            = 4194304                                   {product} {ergonomic}
   size_t MaxHeapSize                              = 2126512128                                {product} {ergonomic}
   size_t MaxNewSize                               = 1275068416                                {product} {ergonomic}
   size_t MinHeapDeltaBytes                        = 1048576                                   {product} {ergonomic}
   size_t MinHeapSize                              = 8388608                                   {product} {ergonomic}
    uintx NonNMethodCodeHeapSize                   = 5832780                                {pd product} {ergonomic}
    uintx NonProfiledCodeHeapSize                  = 122912730                              {pd product} {ergonomic}
    uintx ProfiledCodeHeapSize                     = 122912730                              {pd product} {ergonomic}
    uintx ReservedCodeCacheSize                    = 251658240                              {pd product} {ergonomic}
     bool SegmentedCodeCache                       = true                                      {product} {ergonomic}
   size_t SoftMaxHeapSize                          = 2126512128                             {manageable} {ergonomic}
     bool UseCompressedClassPointers               = true                           {product lp64_product} {ergonomic}
     bool UseCompressedOops                        = true                           {product lp64_product} {ergonomic}
     bool UseG1GC                                  = true                                      {product} {ergonomic}
     bool UseLargePagesIndividualAllocation        = false                                  {pd product} {ergonomic}

Logging:
Log output configuration:
 #0: stdout all=warning uptime,level,tags
 #1: stderr all=off uptime,level,tags

Environment Variables:
JAVA_HOME=C:\Program Files\Java\jdk1.8.0_321
PATH=C:\Python27\;C:\Python27\Scripts;C:\Program Files\Java\jdk1.8.0_321\bin;C:\Program Files (x86)\Common Files\Intel\Shared Libraries\redist\intel64\compiler;C:\Program Files\Common Files\Oracle\Java\javapath;C:\Program Files (x86)\Common Files\Oracle\Java\javapath;C:\xampp\php;C:\Windows\system32;C:\Windows;C:\Windows\System32\Wbem;C:\Windows\System32\WindowsPowerShell\v1.0\;C:\Windows\System32\OpenSSH\;C:\Program Files (x86)\NVIDIA Corporation\PhysX\Common;C:\ProgramData\chocolatey\bin;C:\Program Files\Git\cmd;C:\WINDOWS\system32;C:\WINDOWS;C:\WINDOWS\System32\Wbem;C:\WINDOWS\System32\WindowsPowerShell\v1.0\;C:\WINDOWS\System32\OpenSSH\;C:\Program Files\Docker\Docker\resources\bin;C:\ProgramData\DockerDesktop\version-bin;C:\Program Files (x86)\Yarn\bin\;C:\ProgramData\ComposerSetup\bin;C:\Users\user\AppData\Local\Microsoft\WindowsApps;C:\Users\user\AppData\Local\Programs\Microsoft VS Code\bin;C:\Users\user\AppData\Local\Programs\Python\Python310;C:\Users\user\AppData\Roaming\npm;C:\Program Files\heroku\bin;C:\Users\user\AppData\Local\Program;C:\Program Files\Git LFS;C:\Program Files\GitHub CLI\;C:\Program Files\nodejs\;C:\Users\user\AppData\Local\Microsoft\WindowsApps;C:\Users\user\AppData\Local\Programs\Microsoft VS Code\bin;C:\Users\user\AppData\Local\Programs\Python\Python310;C:\Program Files\heroku\bin;C:\Users\user\AppData\Local\Programs\Python\Python310\Scripts;C:\Users\user\AppData\Local\Yarn\bin;C:\Program Files (x86)\Nmap;C:\Users\user\AppData\Roaming\Composer\vendor\bin;C:\xampp\php;C:\Program Files (x86)\mitmproxy\bin;C:\Users\user\Documents\flutter\bin;C:\Users\user\Documents\Android\bin;C:\Users\user\AppData\Roaming\npm;C:\libjpeg-turbo64\bin;C:\ProgramData\chocolatey\bin\;E:\Data\JavaProject\Android Package Reverse\dex2jar-2.0;
USERNAME=user
OS=Windows_NT
PROCESSOR_IDENTIFIER=Intel64 Family 6 Model 60 Stepping 3, GenuineIntel



---------------  S Y S T E M  ---------------

OS:
 Windows 10 , 64 bit Build 19041 (10.0.19041.1806)
OS uptime: 2 days 5:12 hours
Hyper-V role detected

CPU: total 4 (initial active 4) (4 cores per cpu, 1 threads per core) family 6 model 60 stepping 3 microcode 0x27, cx8, cmov, fxsr, mmx, sse, sse2, sse3, ssse3, sse4.1, sse4.2, popcnt, lzcnt, tsc, tscinvbit, avx, avx2, aes, erms, clmul, bmi1, bmi2, fma, vzeroupper, clflush, hv

Memory: 4k page, system-wide physical 8111M (600M free)
TotalPageFile size 22272M (AvailPageFile size 0M)
current process WorkingSet (physical memory assigned to process): 143M, peak: 143M
current process commit charge ("private bytes"): 296M, peak: 297M

vm_info: Java HotSpot(TM) 64-Bit Server VM (17.0.1+12-LTS-39) for windows-amd64 JRE (17.0.1+12-LTS-39), built on Sep 27 2021 18:41:35 by "mach5one" with MS VC++ 16.8 (VS2019)

END.
